This is XeTeX, Version 3.141592653-2.6-0.999993 (TeX Live 2022/dev/Debian) (preloaded format=xelatex 2025.12.10)  18 DEC 2025 04:19
entering extended mode
 \write18 enabled.
 file:line:error style messages enabled.
 %&-line parsing enabled.
**linear-regression.tex
(./linear-regression.tex
LaTeX2e <2021-11-15> patch level 1
L3 programming layer <2022-01-21> (/usr/share/texlive/texmf-dist/tex/latex/base
/article.cls
Document Class: article 2021/10/04 v1.4n Standard LaTeX document class
(/usr/share/texlive/texmf-dist/tex/latex/base/size10.clo
File: size10.clo 2021/10/04 v1.4n Standard LaTeX file (size option)
)
\c@part=\count181
\c@section=\count182
\c@subsection=\count183
\c@subsubsection=\count184
\c@paragraph=\count185
\c@subparagraph=\count186
\c@figure=\count187
\c@table=\count188
\abovecaptionskip=\skip47
\belowcaptionskip=\skip48
\bibindent=\dimen138
) (/usr/share/texlive/texmf-dist/tex/latex/hyperref/hyperref.sty
Package: hyperref 2021-06-07 v7.00m Hypertext links for LaTeX
(/usr/share/texlive/texmf-dist/tex/generic/ltxcmds/ltxcmds.sty
Package: ltxcmds 2020-05-10 v1.25 LaTeX kernel commands for general use (HO)
) (/usr/share/texlive/texmf-dist/tex/generic/iftex/iftex.sty
Package: iftex 2020/03/06 v1.0d TeX engine tests
) (/usr/share/texlive/texmf-dist/tex/generic/pdftexcmds/pdftexcmds.sty
Package: pdftexcmds 2020-06-27 v0.33 Utility functions of pdfTeX for LuaTeX (HO
)
(/usr/share/texlive/texmf-dist/tex/generic/infwarerr/infwarerr.sty
Package: infwarerr 2019/12/03 v1.5 Providing info/warning/error messages (HO)
)
Package pdftexcmds Info: \pdf@primitive is available.
Package pdftexcmds Info: \pdf@ifprimitive is available.
Package pdftexcmds Info: \pdfdraftmode not found.
) (/usr/share/texlive/texmf-dist/tex/latex/graphics/keyval.sty
Package: keyval 2014/10/28 v1.15 key=value parser (DPC)
\KV@toks@=\toks16
) (/usr/share/texlive/texmf-dist/tex/generic/kvsetkeys/kvsetkeys.sty
Package: kvsetkeys 2019/12/15 v1.18 Key value parser (HO)
) (/usr/share/texlive/texmf-dist/tex/generic/kvdefinekeys/kvdefinekeys.sty
Package: kvdefinekeys 2019-12-19 v1.6 Define keys (HO)
) (/usr/share/texlive/texmf-dist/tex/generic/pdfescape/pdfescape.sty
Package: pdfescape 2019/12/09 v1.15 Implements pdfTeX's escape features (HO)
) (/usr/share/texlive/texmf-dist/tex/latex/hycolor/hycolor.sty
Package: hycolor 2020-01-27 v1.10 Color options for hyperref/bookmark (HO)
) (/usr/share/texlive/texmf-dist/tex/latex/letltxmacro/letltxmacro.sty
Package: letltxmacro 2019/12/03 v1.6 Let assignment for LaTeX macros (HO)
) (/usr/share/texlive/texmf-dist/tex/latex/auxhook/auxhook.sty
Package: auxhook 2019-12-17 v1.6 Hooks for auxiliary files (HO)
) (/usr/share/texlive/texmf-dist/tex/latex/kvoptions/kvoptions.sty
Package: kvoptions 2020-10-07 v3.14 Key value format for package options (HO)
)
\@linkdim=\dimen139
\Hy@linkcounter=\count189
\Hy@pagecounter=\count190
(/usr/share/texlive/texmf-dist/tex/latex/hyperref/pd1enc.def
File: pd1enc.def 2021-06-07 v7.00m Hyperref: PDFDocEncoding definition (HO)
) (/usr/share/texlive/texmf-dist/tex/latex/hyperref/hyperref-langpatches.def
File: hyperref-langpatches.def 2021-06-07 v7.00m Hyperref: patches for babel la
nguages
) (/usr/share/texlive/texmf-dist/tex/generic/intcalc/intcalc.sty
Package: intcalc 2019/12/15 v1.3 Expandable calculations with integers (HO)
) (/usr/share/texlive/texmf-dist/tex/generic/etexcmds/etexcmds.sty
Package: etexcmds 2019/12/15 v1.7 Avoid name clashes with e-TeX commands (HO)
)
\Hy@SavedSpaceFactor=\count191
(/usr/share/texlive/texmf-dist/tex/latex/hyperref/puenc.def
File: puenc.def 2021-06-07 v7.00m Hyperref: PDF Unicode definition (HO)
)
Package hyperref Info: Hyper figures OFF on input line 4192.
Package hyperref Info: Link nesting OFF on input line 4197.
Package hyperref Info: Hyper index ON on input line 4200.
Package hyperref Info: Plain pages OFF on input line 4207.
Package hyperref Info: Backreferencing OFF on input line 4212.
Package hyperref Info: Implicit mode ON; LaTeX internals redefined.
Package hyperref Info: Bookmarks ON on input line 4445.
\c@Hy@tempcnt=\count192
(/usr/share/texlive/texmf-dist/tex/latex/url/url.sty
\Urlmuskip=\muskip16
Package: url 2013/09/16  ver 3.4  Verb mode for urls, etc.
)
LaTeX Info: Redefining \url on input line 4804.
\XeTeXLinkMargin=\dimen140
(/usr/share/texlive/texmf-dist/tex/generic/bitset/bitset.sty
Package: bitset 2019/12/09 v1.3 Handle bit-vector datatype (HO)
(/usr/share/texlive/texmf-dist/tex/generic/bigintcalc/bigintcalc.sty
Package: bigintcalc 2019/12/15 v1.5 Expandable calculations on big integers (HO
)
))
\Fld@menulength=\count193
\Field@Width=\dimen141
\Fld@charsize=\dimen142
Package hyperref Info: Hyper figures OFF on input line 6076.
Package hyperref Info: Link nesting OFF on input line 6081.
Package hyperref Info: Hyper index ON on input line 6084.
Package hyperref Info: backreferencing OFF on input line 6091.
Package hyperref Info: Link coloring OFF on input line 6096.
Package hyperref Info: Link coloring with OCG OFF on input line 6101.
Package hyperref Info: PDF/A mode OFF on input line 6106.
LaTeX Info: Redefining \ref on input line 6146.
LaTeX Info: Redefining \pageref on input line 6150.
(/usr/share/texlive/texmf-dist/tex/latex/base/atbegshi-ltx.sty
Package: atbegshi-ltx 2021/01/10 v1.0c Emulation of the original atbegshi
package with kernel methods
)
\Hy@abspage=\count194
\c@Item=\count195
\c@Hfootnote=\count196
)
Package hyperref Info: Driver (autodetected): hxetex.
(/usr/share/texlive/texmf-dist/tex/latex/hyperref/hxetex.def
File: hxetex.def 2021-06-07 v7.00m Hyperref driver for XeTeX
(/usr/share/texlive/texmf-dist/tex/generic/stringenc/stringenc.sty
Package: stringenc 2019/11/29 v1.12 Convert strings between diff. encodings (HO
)
)
\pdfm@box=\box50
\c@Hy@AnnotLevel=\count197
\HyField@AnnotCount=\count198
\Fld@listcount=\count199
\c@bookmark@seq@number=\count266
(/usr/share/texlive/texmf-dist/tex/latex/rerunfilecheck/rerunfilecheck.sty
Package: rerunfilecheck 2019/12/05 v1.9 Rerun checks for auxiliary files (HO)
(/usr/share/texlive/texmf-dist/tex/latex/base/atveryend-ltx.sty
Package: atveryend-ltx 2020/08/19 v1.0a Emulation of the original atveryend pac
kage
with kernel methods
) (/usr/share/texlive/texmf-dist/tex/generic/uniquecounter/uniquecounter.sty
Package: uniquecounter 2019/12/15 v1.4 Provide unlimited unique counter (HO)
)
Package uniquecounter Info: New unique counter `rerunfilecheck' on input line 2
86.
)
\Hy@SectionHShift=\skip49
) (/usr/share/texlive/texmf-dist/tex/latex/datetime/datetime.sty
Package: datetime 2015/03/20 v2.60 Date Time Package
(/usr/share/texlive/texmf-dist/tex/latex/etoolbox/etoolbox.sty
Package: etoolbox 2020/10/05 v2.5k e-TeX tools for LaTeX (JAW)
\etb@tempcnta=\count267
) (/usr/share/texlive/texmf-dist/tex/latex/fmtcount/fmtcount.sty
Invalid UTF-8 byte or sequence at line 10 replaced by U+FFFD.
Invalid UTF-8 byte or sequence at line 22 replaced by U+FFFD.
Package: fmtcount 2020/01/30 v3.07
(/usr/share/texlive/texmf-dist/tex/latex/base/ifthen.sty
Package: ifthen 2020/11/24 v1.1c Standard LaTeX ifthen package (DPC)
) (/usr/share/texlive/texmf-dist/tex/latex/xkeyval/xkeyval.sty
Package: xkeyval 2020/11/20 v2.8 package option processing (HA)
(/usr/share/texlive/texmf-dist/tex/generic/xkeyval/xkeyval.tex (/usr/share/texl
ive/texmf-dist/tex/generic/xkeyval/xkvutils.tex
\XKV@toks=\toks17
\XKV@tempa@toks=\toks18
)
\XKV@depth=\count268
File: xkeyval.tex 2014/12/03 v2.7a key=value parser (HA)
)) (/usr/share/texlive/texmf-dist/tex/latex/fmtcount/fcprefix.sty
Invalid UTF-8 byte or sequence at line 10 replaced by U+FFFD.
Invalid UTF-8 byte or sequence at line 22 replaced by U+FFFD.
Package: fcprefix 2012/09/28
(/usr/share/texlive/texmf-dist/tex/latex/fmtcount/fcnumparser.sty
Invalid UTF-8 byte or sequence at line 10 replaced by U+FFFD.
Invalid UTF-8 byte or sequence at line 22 replaced by U+FFFD.
Package: fcnumparser 2017/06/15
\fc@digit@counter=\count269
)) (/usr/share/texlive/texmf-dist/tex/latex/amsmath/amsgen.sty
File: amsgen.sty 1999/11/30 v2.0 generic functions
\@emptytoks=\toks19
\ex@=\dimen143
)
\c@padzeroesN=\count270
\fc@tmpcatcode=\count271
\@DT@modctr=\count272
\@ordinalctr=\count273
\@orgargctr=\count274
\@strctr=\count275
\@tmpstrctr=\count276
\@DT@loopN=\count277
\@DT@X=\count278
) (/usr/share/texlive/texmf-dist/tex/latex/datetime/datetime-defaults.sty
Package: datetime-defaults 2013/09/10
)
\@day=\count279
\@month=\count280
\@year=\count281
\c@HOUR=\count282
\c@HOURXII=\count283
\c@MINUTE=\count284
\c@TOHOUR=\count285
\c@TOMINUTE=\count286
\c@SECOND=\count287
\currenthour=\count288
\currentminute=\count289
\currentsecond=\count290
Package datetime Info: No datetime.cfg file found, using default settings on in
put line 308.
\@dtctr=\count291
\dayofyear=\count292
\dayofweek=\count293
LaTeX Info: Redefining \today on input line 736.
\dt@a=\toks20
\dt@b=\toks21
) (/usr/share/texlive/texmf-dist/tex/latex/graphics/graphicx.sty
Package: graphicx 2021/09/16 v1.2d Enhanced LaTeX Graphics (DPC,SPQR)
(/usr/share/texlive/texmf-dist/tex/latex/graphics/graphics.sty
Package: graphics 2021/03/04 v1.4d Standard LaTeX Graphics (DPC,SPQR)
(/usr/share/texlive/texmf-dist/tex/latex/graphics/trig.sty
Package: trig 2021/08/11 v1.11 sin cos tan (DPC)
) (/usr/share/texlive/texmf-dist/tex/latex/graphics-cfg/graphics.cfg
File: graphics.cfg 2016/06/04 v1.11 sample graphics configuration
)
Package graphics Info: Driver file: xetex.def on input line 107.
(/usr/share/texlive/texmf-dist/tex/latex/graphics-def/xetex.def
File: xetex.def 2021/03/18 v5.0k Graphics/color driver for xetex
))
\Gin@req@height=\dimen144
\Gin@req@width=\dimen145
) (/usr/share/texlive/texmf-dist/tex/latex/natbib/natbib.sty
Package: natbib 2010/09/13 8.31b (PWD, AO)
\bibhang=\skip50
\bibsep=\skip51
LaTeX Info: Redefining \cite on input line 694.
\c@NAT@ctr=\count294
) (/usr/share/texlive/texmf-dist/tex/latex/booktabs/booktabs.sty
Package: booktabs 2020/01/12 v1.61803398 Publication quality tables
\heavyrulewidth=\dimen146
\lightrulewidth=\dimen147
\cmidrulewidth=\dimen148
\belowrulesep=\dimen149
\belowbottomsep=\dimen150
\aboverulesep=\dimen151
\abovetopsep=\dimen152
\cmidrulesep=\dimen153
\cmidrulekern=\dimen154
\defaultaddspace=\dimen155
\@cmidla=\count295
\@cmidlb=\count296
\@aboverulesep=\dimen156
\@belowrulesep=\dimen157
\@thisruleclass=\count297
\@lastruleclass=\count298
\@thisrulewidth=\dimen158
)
Package hyperref Info: Option `colorlinks' set `true' on input line 16.
(/usr/share/texlive/texmf-dist/tex/latex/l3backend/l3backend-xetex.def
File: l3backend-xetex.def 2022-01-12 L3 backend support: XeTeX
(|extractbb --version)
\c__kernel_sys_dvipdfmx_version_int=\count299
\l__color_backend_stack_int=\count300
\g__color_backend_stack_int=\count301
\g__graphics_track_int=\count302
\l__pdf_internal_box=\box51
\g__pdf_backend_object_int=\count303
\g__pdf_backend_annotation_int=\count304
\g__pdf_backend_link_int=\count305
) (./linear-regression.aux)
\openout1 = `linear-regression.aux'.

LaTeX Font Info:    Checking defaults for OML/cmm/m/it on input line 29.
LaTeX Font Info:    ... okay on input line 29.
LaTeX Font Info:    Checking defaults for OMS/cmsy/m/n on input line 29.
LaTeX Font Info:    ... okay on input line 29.
LaTeX Font Info:    Checking defaults for OT1/cmr/m/n on input line 29.
LaTeX Font Info:    ... okay on input line 29.
LaTeX Font Info:    Checking defaults for T1/cmr/m/n on input line 29.
LaTeX Font Info:    ... okay on input line 29.
LaTeX Font Info:    Checking defaults for TS1/cmr/m/n on input line 29.
LaTeX Font Info:    Trying to load font information for TS1+cmr on input line 2
9.
(/usr/share/texlive/texmf-dist/tex/latex/base/ts1cmr.fd
File: ts1cmr.fd 2019/12/16 v2.5j Standard LaTeX font definitions
)
LaTeX Font Info:    ... okay on input line 29.
LaTeX Font Info:    Checking defaults for TU/lmr/m/n on input line 29.
LaTeX Font Info:    ... okay on input line 29.
LaTeX Font Info:    Checking defaults for OMX/cmex/m/n on input line 29.
LaTeX Font Info:    ... okay on input line 29.
LaTeX Font Info:    Checking defaults for U/cmr/m/n on input line 29.
LaTeX Font Info:    ... okay on input line 29.
LaTeX Font Info:    Checking defaults for PD1/pdf/m/n on input line 29.
LaTeX Font Info:    ... okay on input line 29.
LaTeX Font Info:    Checking defaults for PU/pdf/m/n on input line 29.
LaTeX Font Info:    ... okay on input line 29.
(/usr/share/texlive/texmf-dist/tex/latex/graphics/color.sty
Package: color 2021/12/07 v1.3c Standard LaTeX Color (DPC)
(/usr/share/texlive/texmf-dist/tex/latex/graphics-cfg/color.cfg
File: color.cfg 2016/01/02 v1.6 sample color configuration
)
Package color Info: Driver file: xetex.def on input line 149.
)
Package hyperref Info: Link coloring ON on input line 29.
(/usr/share/texlive/texmf-dist/tex/latex/hyperref/nameref.sty
Package: nameref 2021-04-02 v2.47 Cross-referencing by name of section
(/usr/share/texlive/texmf-dist/tex/latex/refcount/refcount.sty
Package: refcount 2019/12/15 v3.6 Data extraction from label references (HO)
) (/usr/share/texlive/texmf-dist/tex/generic/gettitlestring/gettitlestring.sty
Package: gettitlestring 2019/12/15 v1.6 Cleanup title references (HO)
)
\c@section@level=\count306
)
LaTeX Info: Redefining \ref on input line 29.
LaTeX Info: Redefining \pageref on input line 29.
LaTeX Info: Redefining \nameref on input line 29.
(./linear-regression.out) (./linear-regression.out)
\@outlinefile=\write3
\openout3 = `linear-regression.out'.

(/usr/share/texlive/texmf-dist/tex/latex/fmtcount/fc-english.def
Invalid UTF-8 byte or sequence at line 10 replaced by U+FFFD.
Invalid UTF-8 byte or sequence at line 22 replaced by U+FFFD.
File: fc-english.def 2016/01/12
)
LaTeX Font Info:    External font `cmex10' loaded for size
(Font)              <12> on input line 31.
LaTeX Font Info:    External font `cmex10' loaded for size
(Font)              <8> on input line 31.
LaTeX Font Info:    External font `cmex10' loaded for size
(Font)              <6> on input line 31.
File: curvenote.png Graphic file (type bmp)
<curvenote.png>

Overfull \hbox (43.5pt too wide) in paragraph at lines 47--47
[]\TU/lmtt/m/n/10 from statsmodels.stats.outliers_influence import variance_inf
lation_factor[] 
 []


Overfull \hbox (111.75pt too wide) in paragraph at lines 63--63
[]        \TU/lmtt/m/n/10 split_X_train, split_X_valid = X_train.iloc[train_idx
], X_train.iloc[valid_idx][] 
 []


Overfull \hbox (111.75pt too wide) in paragraph at lines 63--63
[]        \TU/lmtt/m/n/10 split_Y_train, split_Y_valid = Y_train.iloc[train_idx
], Y_train.iloc[valid_idx][] 
 []


Overfull \hbox (117.0pt too wide) in paragraph at lines 63--63
[]        \TU/lmtt/m/n/10 error = np.sqrt(mean_squared_error(split_Y_valid, mod
el.predict(split_X_valid)))[] 
 []

[1

]
Overfull \hbox (211.5pt too wide) in paragraph at lines 75--75
[]\TU/lmtt/m/n/10 remove_col = ['track_id', 'artists', 'album_name', 'track_nam
e', 'explicit', 'track_genre', 'duration_ms'][] 
 []

LaTeX Font Info:    External font `cmex10' loaded for size
(Font)              <7> on input line 78.
LaTeX Font Info:    External font `cmex10' loaded for size
(Font)              <5> on input line 78.

Overfull \hbox (34.21454pt too wide) in paragraph at lines 80--80
[]\TU/lmr/m/n/10 popularity| 
 []


Overfull \hbox (41.67455pt too wide) in paragraph at lines 80--80
[]\TU/lmr/m/n/10 danceability| 
 []


Overfull \hbox (17.52454pt too wide) in paragraph at lines 80--80
[]\TU/lmr/m/n/10 energy| 
 []


Overfull \hbox (3.60454pt too wide) in paragraph at lines 80--80
[]\TU/lmr/m/n/10 key| 
 []


Overfull \hbox (25.66454pt too wide) in paragraph at lines 80--80
[]\TU/lmr/m/n/10 loudness| 
 []


Overfull \hbox (12.49454pt too wide) in paragraph at lines 80--80
[]\TU/lmr/m/n/10 mode| 
 []


Overfull \hbox (37.92455pt too wide) in paragraph at lines 80--80
[]\TU/lmr/m/n/10 speechiness| 
 []


Overfull \hbox (41.81454pt too wide) in paragraph at lines 80--80
[]\TU/lmr/m/n/10 acousticness| 
 []


Overfull \hbox (62.13454pt too wide) in paragraph at lines 80--80
[]\TU/lmr/m/n/10 instrumentalness| 
 []


Overfull \hbox (21.76454pt too wide) in paragraph at lines 80--80
[]\TU/lmr/m/n/10 liveness| 
 []


Overfull \hbox (20.26454pt too wide) in paragraph at lines 80--80
[]\TU/lmr/m/n/10 valence| 
 []


Overfull \hbox (16.38454pt too wide) in paragraph at lines 80--80
[]\TU/lmr/m/n/10 tempo| 
 []


Overfull \hbox (55.91454pt too wide) in paragraph at lines 80--80
[]\TU/lmr/m/n/10 time_signature| 
 []


Overfull \hbox (50.32454pt too wide) in paragraph at lines 80--81
[]\TU/lmr/m/n/10 duration_min| 
 []


Overfull \hbox (11.66454pt too wide) in paragraph at lines 82--82
[]\TU/lmr/m/n/10 0.676| 
 []


Overfull \hbox (16.66454pt too wide) in paragraph at lines 82--82
[]\TU/lmr/m/n/10 0.4610| 
 []


Underfull \hbox (badness 10000) in paragraph at lines 82--82
[]\TU/lmr/m/n/10 -
 []


Overfull \hbox (11.66454pt too wide) in paragraph at lines 82--82
\TU/lmr/m/n/10 6.746| 
 []


Overfull \hbox (16.66454pt too wide) in paragraph at lines 82--82
[]\TU/lmr/m/n/10 0.1430| 
 []


Overfull \hbox (16.66454pt too wide) in paragraph at lines 82--82
[]\TU/lmr/m/n/10 0.0322| 
 []


Overfull \hbox (26.66454pt too wide) in paragraph at lines 82--82
[]\TU/lmr/m/n/10 0.000001| 
 []


Overfull \hbox (16.66454pt too wide) in paragraph at lines 82--82
[]\TU/lmr/m/n/10 0.3580| 
 []


Overfull \hbox (11.66454pt too wide) in paragraph at lines 82--82
[]\TU/lmr/m/n/10 0.715| 
 []


Overfull \hbox (16.66454pt too wide) in paragraph at lines 82--82
[]\TU/lmr/m/n/10 87.917| 
 []


Overfull \hbox (26.66454pt too wide) in paragraph at lines 82--83
[]\TU/lmr/m/n/10 3.844433| 
 []


Overfull \hbox (11.66454pt too wide) in paragraph at lines 84--84
[]\TU/lmr/m/n/10 0.420| 
 []


Overfull \hbox (16.66454pt too wide) in paragraph at lines 84--84
[]\TU/lmr/m/n/10 0.1660| 
 []


Underfull \hbox (badness 10000) in paragraph at lines 84--84
[]\TU/lmr/m/n/10 -
 []


Overfull \hbox (16.66454pt too wide) in paragraph at lines 84--84
\TU/lmr/m/n/10 17.235| 
 []


Overfull \hbox (16.66454pt too wide) in paragraph at lines 84--84
[]\TU/lmr/m/n/10 0.0763| 
 []


Overfull \hbox (16.66454pt too wide) in paragraph at lines 84--84
[]\TU/lmr/m/n/10 0.9240| 
 []


Overfull \hbox (26.66454pt too wide) in paragraph at lines 84--84
[]\TU/lmr/m/n/10 0.000006| 
 []


Overfull \hbox (16.66454pt too wide) in paragraph at lines 84--84
[]\TU/lmr/m/n/10 0.1010| 
 []


Overfull \hbox (11.66454pt too wide) in paragraph at lines 84--84
[]\TU/lmr/m/n/10 0.267| 
 []


Overfull \hbox (16.66454pt too wide) in paragraph at lines 84--84
[]\TU/lmr/m/n/10 77.489| 
 []


Overfull \hbox (26.66454pt too wide) in paragraph at lines 84--85
[]\TU/lmr/m/n/10 2.493500| 
 []


Overfull \hbox (11.66454pt too wide) in paragraph at lines 86--86
[]\TU/lmr/m/n/10 0.438| 
 []


Overfull \hbox (16.66454pt too wide) in paragraph at lines 86--86
[]\TU/lmr/m/n/10 0.3590| 
 []


Underfull \hbox (badness 10000) in paragraph at lines 86--86
[]\TU/lmr/m/n/10 -
 []


Overfull \hbox (11.66454pt too wide) in paragraph at lines 86--86
\TU/lmr/m/n/10 9.734| 
 []


Overfull \hbox (16.66454pt too wide) in paragraph at lines 86--86
[]\TU/lmr/m/n/10 0.0557| 
 []


Overfull \hbox (16.66454pt too wide) in paragraph at lines 86--86
[]\TU/lmr/m/n/10 0.2100| 
 []


Overfull \hbox (26.66454pt too wide) in paragraph at lines 86--86
[]\TU/lmr/m/n/10 0.000000| 
 []


Overfull \hbox (16.66454pt too wide) in paragraph at lines 86--86
[]\TU/lmr/m/n/10 0.1170| 
 []


Overfull \hbox (11.66454pt too wide) in paragraph at lines 86--86
[]\TU/lmr/m/n/10 0.120| 
 []


Overfull \hbox (16.66454pt too wide) in paragraph at lines 86--86
[]\TU/lmr/m/n/10 76.332| 
 []


Overfull \hbox (26.66454pt too wide) in paragraph at lines 86--87
[]\TU/lmr/m/n/10 3.513767| 
 []


Overfull \hbox (11.66454pt too wide) in paragraph at lines 88--88
[]\TU/lmr/m/n/10 0.266| 
 []


Overfull \hbox (16.66454pt too wide) in paragraph at lines 88--88
[]\TU/lmr/m/n/10 0.0596| 
 []


Underfull \hbox (badness 10000) in paragraph at lines 88--88
[]\TU/lmr/m/n/10 -
 []


Overfull \hbox (16.66454pt too wide) in paragraph at lines 88--88
\TU/lmr/m/n/10 18.515| 
 []


Overfull \hbox (16.66454pt too wide) in paragraph at lines 88--88
[]\TU/lmr/m/n/10 0.0363| 
 []


Overfull \hbox (16.66454pt too wide) in paragraph at lines 88--88
[]\TU/lmr/m/n/10 0.9050| 
 []


Overfull \hbox (26.66454pt too wide) in paragraph at lines 88--88
[]\TU/lmr/m/n/10 0.000071| 
 []


Overfull \hbox (16.66454pt too wide) in paragraph at lines 88--88
[]\TU/lmr/m/n/10 0.1320| 
 []


Overfull \hbox (11.66454pt too wide) in paragraph at lines 88--88
[]\TU/lmr/m/n/10 0.143| 
 []


Overfull \hbox (21.66454pt too wide) in paragraph at lines 88--88
[]\TU/lmr/m/n/10 181.740| 
 []


Overfull \hbox (26.66454pt too wide) in paragraph at lines 88--89
[]\TU/lmr/m/n/10 3.365550| 
 []


Overfull \hbox (11.66454pt too wide) in paragraph at lines 90--90
[]\TU/lmr/m/n/10 0.618| 
 []


Overfull \hbox (16.66454pt too wide) in paragraph at lines 90--90
[]\TU/lmr/m/n/10 0.4430| 
 []


Underfull \hbox (badness 10000) in paragraph at lines 90--90
[]\TU/lmr/m/n/10 -
 []


Overfull \hbox (11.66454pt too wide) in paragraph at lines 90--90
\TU/lmr/m/n/10 9.681| 
 []


Overfull \hbox (16.66454pt too wide) in paragraph at lines 90--90
[]\TU/lmr/m/n/10 0.0526| 
 []


Overfull \hbox (16.66454pt too wide) in paragraph at lines 90--90
[]\TU/lmr/m/n/10 0.4690| 
 []


Overfull \hbox (26.66454pt too wide) in paragraph at lines 90--90
[]\TU/lmr/m/n/10 0.000000| 
 []


Overfull \hbox (16.66454pt too wide) in paragraph at lines 90--90
[]\TU/lmr/m/n/10 0.0829| 
 []


Overfull \hbox (11.66454pt too wide) in paragraph at lines 90--90
[]\TU/lmr/m/n/10 0.167| 
 []


Overfull \hbox (21.66454pt too wide) in paragraph at lines 90--90
[]\TU/lmr/m/n/10 119.949| 
 []


Overfull \hbox (26.66454pt too wide) in paragraph at lines 90--91
[]\TU/lmr/m/n/10 3.314217| 
 []


Overfull \hbox (1.73195pt too wide) in paragraph at lines 77--94
[] 
 []


Overfull \hbox (132.75pt too wide) in paragraph at lines 116--116
[]\TU/lmtt/m/n/10 X_train, X_test, Y_train, Y_test = train_test_split(X, Y, tes
t_size=0.1, random_state = 42)[] 
 []


Overfull \hbox (169.5pt too wide) in paragraph at lines 116--116
[]\TU/lmtt/m/n/10 X_train, X_validation, Y_train, Y_validation = train_test_spl
it(X_train, Y_train, random_state=42)[] 
 []


Overfull \hbox (75.0pt too wide) in paragraph at lines 116--116
[]\TU/lmtt/m/n/10 train_rmse = np.sqrt(mean_squared_error(Y_train, linear_model
.predict(X_train)))[] 
 []


Overfull \hbox (153.75pt too wide) in paragraph at lines 116--116
[]\TU/lmtt/m/n/10 validation_rmse = np.sqrt(mean_squared_error(Y_validation, li
near_model.predict(X_validation)))[] 
 []


Overfull \hbox (17.25pt too wide) in paragraph at lines 116--116
[]\TU/lmtt/m/n/10 cv_error = compute_CV_error(linear_model, X_validation, Y_val
idation)[] 
 []

[2]
Overfull \hbox (75.0pt too wide) in paragraph at lines 139--139
[]\TU/lmtt/m/n/10 vif["VIF"] = [variance_inflation_factor(X.values, i) for i in
 range(X.shape[1])][] 
 []


Overfull \hbox (106.5pt too wide) in paragraph at lines 172--172
[]\TU/lmtt/m/n/10 features_scaled = pd.DataFrame(ss.transform(feature_df), colu
mns = feature_df.columns)[] 
 []

[3]
Overfull \hbox (40.2953pt too wide) in paragraph at lines 177--177
[]\TU/lmr/m/n/10 danceability| 
 []


Overfull \hbox (16.1453pt too wide) in paragraph at lines 177--177
[]\TU/lmr/m/n/10 energy| 
 []


Overfull \hbox (2.2253pt too wide) in paragraph at lines 177--177
[]\TU/lmr/m/n/10 key| 
 []


Overfull \hbox (24.2853pt too wide) in paragraph at lines 177--177
[]\TU/lmr/m/n/10 loudness| 
 []


Overfull \hbox (11.1153pt too wide) in paragraph at lines 177--177
[]\TU/lmr/m/n/10 mode| 
 []


Overfull \hbox (36.5453pt too wide) in paragraph at lines 177--177
[]\TU/lmr/m/n/10 speechiness| 
 []


Overfull \hbox (40.4353pt too wide) in paragraph at lines 177--177
[]\TU/lmr/m/n/10 acousticness| 
 []


Overfull \hbox (60.7553pt too wide) in paragraph at lines 177--177
[]\TU/lmr/m/n/10 instrumentalness| 
 []


Overfull \hbox (20.3853pt too wide) in paragraph at lines 177--177
[]\TU/lmr/m/n/10 liveness| 
 []


Overfull \hbox (18.8853pt too wide) in paragraph at lines 177--177
[]\TU/lmr/m/n/10 valence| 
 []


Overfull \hbox (15.0053pt too wide) in paragraph at lines 177--177
[]\TU/lmr/m/n/10 tempo| 
 []


Overfull \hbox (54.5353pt too wide) in paragraph at lines 177--177
[]\TU/lmr/m/n/10 time_signature| 
 []


Overfull \hbox (48.9453pt too wide) in paragraph at lines 177--178
[]\TU/lmr/m/n/10 duration_min| 
 []


Overfull \hbox (25.2853pt too wide) in paragraph at lines 179--179
[]\TU/lmr/m/n/10 0.644260| 
 []


Underfull \hbox (badness 10000) in paragraph at lines 179--179
[]\TU/lmr/m/n/10 -
 []


Overfull \hbox (25.2853pt too wide) in paragraph at lines 179--179
\TU/lmr/m/n/10 0.675976| 
 []


Underfull \hbox (badness 10000) in paragraph at lines 179--179
[]\TU/lmr/m/n/10 -
 []


Overfull \hbox (25.2853pt too wide) in paragraph at lines 179--179
\TU/lmr/m/n/10 1.203286| 
 []


Overfull \hbox (25.2853pt too wide) in paragraph at lines 179--179
[]\TU/lmr/m/n/10 0.335731| 
 []


Underfull \hbox (badness 10000) in paragraph at lines 179--179
[]\TU/lmr/m/n/10 -
 []


Overfull \hbox (25.2853pt too wide) in paragraph at lines 179--179
\TU/lmr/m/n/10 1.324600| 
 []


Overfull \hbox (25.2853pt too wide) in paragraph at lines 179--179
[]\TU/lmr/m/n/10 0.490464| 
 []


Underfull \hbox (badness 10000) in paragraph at lines 179--179
[]\TU/lmr/m/n/10 -
 []


Overfull \hbox (25.2853pt too wide) in paragraph at lines 179--179
\TU/lmr/m/n/10 0.875177| 
 []


Underfull \hbox (badness 10000) in paragraph at lines 179--179
[]\TU/lmr/m/n/10 -
 []


Overfull \hbox (25.2853pt too wide) in paragraph at lines 179--179
\TU/lmr/m/n/10 0.535478| 
 []


Overfull \hbox (25.2853pt too wide) in paragraph at lines 179--179
[]\TU/lmr/m/n/10 0.723666| 
 []


Overfull \hbox (25.2853pt too wide) in paragraph at lines 179--179
[]\TU/lmr/m/n/10 0.934036| 
 []


Underfull \hbox (badness 10000) in paragraph at lines 179--179
[]\TU/lmr/m/n/10 -
 []


Overfull \hbox (25.2853pt too wide) in paragraph at lines 179--179
\TU/lmr/m/n/10 1.133609| 
 []


Overfull \hbox (25.2853pt too wide) in paragraph at lines 179--179
[]\TU/lmr/m/n/10 0.226215| 
 []


Overfull \hbox (25.2853pt too wide) in paragraph at lines 179--180
[]\TU/lmr/m/n/10 0.013495| 
 []


Underfull \hbox (badness 10000) in paragraph at lines 181--181
[]\TU/lmr/m/n/10 -
 []


Overfull \hbox (25.2853pt too wide) in paragraph at lines 181--181
\TU/lmr/m/n/10 0.804604| 
 []


Underfull \hbox (badness 10000) in paragraph at lines 181--181
[]\TU/lmr/m/n/10 -
 []


Overfull \hbox (25.2853pt too wide) in paragraph at lines 181--181
\TU/lmr/m/n/10 1.825609| 
 []


Underfull \hbox (badness 10000) in paragraph at lines 181--181
[]\TU/lmr/m/n/10 -
 []


Overfull \hbox (25.2853pt too wide) in paragraph at lines 181--181
\TU/lmr/m/n/10 1.203286| 
 []


Underfull \hbox (badness 10000) in paragraph at lines 181--181
[]\TU/lmr/m/n/10 -
 []


Overfull \hbox (25.2853pt too wide) in paragraph at lines 181--181
\TU/lmr/m/n/10 1.673094| 
 []


Overfull \hbox (25.2853pt too wide) in paragraph at lines 181--181
[]\TU/lmr/m/n/10 0.754945| 
 []


Underfull \hbox (badness 10000) in paragraph at lines 181--181
[]\TU/lmr/m/n/10 -
 []


Overfull \hbox (25.2853pt too wide) in paragraph at lines 181--181
\TU/lmr/m/n/10 0.098361| 
 []


Overfull \hbox (25.2853pt too wide) in paragraph at lines 181--181
[]\TU/lmr/m/n/10 1.760797| 
 []


Underfull \hbox (badness 10000) in paragraph at lines 181--181
[]\TU/lmr/m/n/10 -
 []


Overfull \hbox (25.2853pt too wide) in paragraph at lines 181--181
\TU/lmr/m/n/10 0.535464| 
 []


Underfull \hbox (badness 10000) in paragraph at lines 181--181
[]\TU/lmr/m/n/10 -
 []


Overfull \hbox (25.2853pt too wide) in paragraph at lines 181--181
\TU/lmr/m/n/10 0.595072| 
 []


Underfull \hbox (badness 10000) in paragraph at lines 181--181
[]\TU/lmr/m/n/10 -
 []


Overfull \hbox (25.2853pt too wide) in paragraph at lines 181--181
\TU/lmr/m/n/10 0.770280| 
 []


Underfull \hbox (badness 10000) in paragraph at lines 181--181
[]\TU/lmr/m/n/10 -
 []


Overfull \hbox (25.2853pt too wide) in paragraph at lines 181--181
\TU/lmr/m/n/10 1.479854| 
 []


Overfull \hbox (25.2853pt too wide) in paragraph at lines 181--181
[]\TU/lmr/m/n/10 0.226215| 
 []


Underfull \hbox (badness 10000) in paragraph at lines 181--182
[]\TU/lmr/m/n/10 -
 []


Overfull \hbox (25.2853pt too wide) in paragraph at lines 181--182
\TU/lmr/m/n/10 0.704151| 
 []


Underfull \hbox (badness 10000) in paragraph at lines 183--183
[]\TU/lmr/m/n/10 -
 []


Overfull \hbox (25.2853pt too wide) in paragraph at lines 183--183
\TU/lmr/m/n/10 0.702731| 
 []


Underfull \hbox (badness 10000) in paragraph at lines 183--183
[]\TU/lmr/m/n/10 -
 []


Overfull \hbox (25.2853pt too wide) in paragraph at lines 183--183
\TU/lmr/m/n/10 1.073476| 
 []


Underfull \hbox (badness 10000) in paragraph at lines 183--183
[]\TU/lmr/m/n/10 -
 []


Overfull \hbox (25.2853pt too wide) in paragraph at lines 183--183
\TU/lmr/m/n/10 1.484194| 
 []


Underfull \hbox (badness 10000) in paragraph at lines 183--183
[]\TU/lmr/m/n/10 -
 []


Overfull \hbox (25.2853pt too wide) in paragraph at lines 183--183
\TU/lmr/m/n/10 0.236523| 
 []


Overfull \hbox (25.2853pt too wide) in paragraph at lines 183--183
[]\TU/lmr/m/n/10 0.754945| 
 []


Underfull \hbox (badness 10000) in paragraph at lines 183--183
[]\TU/lmr/m/n/10 -
 []


Overfull \hbox (25.2853pt too wide) in paragraph at lines 183--183
\TU/lmr/m/n/10 0.280217| 
 []


Underfull \hbox (badness 10000) in paragraph at lines 183--183
[]\TU/lmr/m/n/10 -
 []


Overfull \hbox (25.2853pt too wide) in paragraph at lines 183--183
\TU/lmr/m/n/10 0.349638| 
 []


Underfull \hbox (badness 10000) in paragraph at lines 183--183
[]\TU/lmr/m/n/10 -
 []


Overfull \hbox (25.2853pt too wide) in paragraph at lines 183--183
\TU/lmr/m/n/10 0.535481| 
 []


Underfull \hbox (badness 10000) in paragraph at lines 183--183
[]\TU/lmr/m/n/10 -
 []


Overfull \hbox (25.2853pt too wide) in paragraph at lines 183--183
\TU/lmr/m/n/10 0.512971| 
 []


Underfull \hbox (badness 10000) in paragraph at lines 183--183
[]\TU/lmr/m/n/10 -
 []


Overfull \hbox (25.2853pt too wide) in paragraph at lines 183--183
\TU/lmr/m/n/10 1.329508| 
 []


Underfull \hbox (badness 10000) in paragraph at lines 183--183
[]\TU/lmr/m/n/10 -
 []


Overfull \hbox (25.2853pt too wide) in paragraph at lines 183--183
\TU/lmr/m/n/10 1.518271| 
 []


Overfull \hbox (25.2853pt too wide) in paragraph at lines 183--183
[]\TU/lmr/m/n/10 0.226215| 
 []


Underfull \hbox (badness 10000) in paragraph at lines 183--184
[]\TU/lmr/m/n/10 -
 []


Overfull \hbox (25.2853pt too wide) in paragraph at lines 183--184
\TU/lmr/m/n/10 0.162163| 
 []


Underfull \hbox (badness 10000) in paragraph at lines 185--185
[]\TU/lmr/m/n/10 -
 []


Overfull \hbox (25.2853pt too wide) in paragraph at lines 185--185
\TU/lmr/m/n/10 1.676186| 
 []


Underfull \hbox (badness 10000) in paragraph at lines 185--185
[]\TU/lmr/m/n/10 -
 []


Overfull \hbox (25.2853pt too wide) in paragraph at lines 185--185
\TU/lmr/m/n/10 2.240257| 
 []


Underfull \hbox (badness 10000) in paragraph at lines 185--185
[]\TU/lmr/m/n/10 -
 []


Overfull \hbox (25.2853pt too wide) in paragraph at lines 185--185
\TU/lmr/m/n/10 1.484194| 
 []


Underfull \hbox (badness 10000) in paragraph at lines 185--185
[]\TU/lmr/m/n/10 -
 []


Overfull \hbox (25.2853pt too wide) in paragraph at lines 185--185
\TU/lmr/m/n/10 1.918236| 
 []


Overfull \hbox (25.2853pt too wide) in paragraph at lines 185--185
[]\TU/lmr/m/n/10 0.754945| 
 []


Underfull \hbox (badness 10000) in paragraph at lines 185--185
[]\TU/lmr/m/n/10 -
 []


Overfull \hbox (25.2853pt too wide) in paragraph at lines 185--185
\TU/lmr/m/n/10 0.451480| 
 []


Overfull \hbox (25.2853pt too wide) in paragraph at lines 185--185
[]\TU/lmr/m/n/10 1.704637| 
 []


Underfull \hbox (badness 10000) in paragraph at lines 185--185
[]\TU/lmr/m/n/10 -
 []


Overfull \hbox (25.2853pt too wide) in paragraph at lines 185--185
\TU/lmr/m/n/10 0.535263| 
 []


Underfull \hbox (badness 10000) in paragraph at lines 185--185
[]\TU/lmr/m/n/10 -
 []


Overfull \hbox (25.2853pt too wide) in paragraph at lines 185--185
\TU/lmr/m/n/10 0.436002| 
 []


Underfull \hbox (badness 10000) in paragraph at lines 185--185
[]\TU/lmr/m/n/10 -
 []


Overfull \hbox (25.2853pt too wide) in paragraph at lines 185--185
\TU/lmr/m/n/10 1.242010| 
 []


Overfull \hbox (25.2853pt too wide) in paragraph at lines 185--185
[]\TU/lmr/m/n/10 1.981637| 
 []


Underfull \hbox (badness 10000) in paragraph at lines 185--185
[]\TU/lmr/m/n/10 -
 []


Overfull \hbox (25.2853pt too wide) in paragraph at lines 185--185
\TU/lmr/m/n/10 1.979187| 
 []


Underfull \hbox (badness 10000) in paragraph at lines 185--186
[]\TU/lmr/m/n/10 -
 []


Overfull \hbox (25.2853pt too wide) in paragraph at lines 185--186
\TU/lmr/m/n/10 0.240899| 
 []


Overfull \hbox (25.2853pt too wide) in paragraph at lines 187--187
[]\TU/lmr/m/n/10 0.316001| 
 []


Underfull \hbox (badness 10000) in paragraph at lines 187--187
[]\TU/lmr/m/n/10 -
 []


Overfull \hbox (25.2853pt too wide) in paragraph at lines 187--187
\TU/lmr/m/n/10 0.746123| 
 []


Underfull \hbox (badness 10000) in paragraph at lines 187--187
[]\TU/lmr/m/n/10 -
 []


Overfull \hbox (25.2853pt too wide) in paragraph at lines 187--187
\TU/lmr/m/n/10 0.922377| 
 []


Underfull \hbox (badness 10000) in paragraph at lines 187--187
[]\TU/lmr/m/n/10 -
 []


Overfull \hbox (25.2853pt too wide) in paragraph at lines 187--187
\TU/lmr/m/n/10 0.226373| 
 []


Overfull \hbox (25.2853pt too wide) in paragraph at lines 187--187
[]\TU/lmr/m/n/10 0.754945| 
 []


Underfull \hbox (badness 10000) in paragraph at lines 187--187
[]\TU/lmr/m/n/10 -
 []


Overfull \hbox (25.2853pt too wide) in paragraph at lines 187--187
\TU/lmr/m/n/10 0.307584| 
 []


Overfull \hbox (25.2853pt too wide) in paragraph at lines 187--187
[]\TU/lmr/m/n/10 0.415912| 
 []


Underfull \hbox (badness 10000) in paragraph at lines 187--187
[]\TU/lmr/m/n/10 -
 []


Overfull \hbox (25.2853pt too wide) in paragraph at lines 187--187
\TU/lmr/m/n/10 0.535481| 
 []


Underfull \hbox (badness 10000) in paragraph at lines 187--187
[]\TU/lmr/m/n/10 -
 []


Overfull \hbox (25.2853pt too wide) in paragraph at lines 187--187
\TU/lmr/m/n/10 0.687948| 
 []


Underfull \hbox (badness 10000) in paragraph at lines 187--187
[]\TU/lmr/m/n/10 -
 []


Overfull \hbox (25.2853pt too wide) in paragraph at lines 187--187
\TU/lmr/m/n/10 1.150708| 
 []


Underfull \hbox (badness 10000) in paragraph at lines 187--187
[]\TU/lmr/m/n/10 -
 []


Overfull \hbox (25.2853pt too wide) in paragraph at lines 187--187
\TU/lmr/m/n/10 0.070037| 
 []


Overfull \hbox (25.2853pt too wide) in paragraph at lines 187--187
[]\TU/lmr/m/n/10 0.226215| 
 []


Underfull \hbox (badness 10000) in paragraph at lines 187--188
[]\TU/lmr/m/n/10 -
 []


Overfull \hbox (25.2853pt too wide) in paragraph at lines 187--188
\TU/lmr/m/n/10 0.268168| 
 []


Overfull \hbox (174.75pt too wide) in paragraph at lines 208--208
[]\TU/lmtt/m/n/10 X_train2, X_test2, Y_train2, Y_test2 = train_test_split(X2, Y
, test_size = 0.10, random_state = 42)[] 
 []


Overfull \hbox (201.0pt too wide) in paragraph at lines 208--208
[]\TU/lmtt/m/n/10 X_train2, X_validation2, Y_train2, Y_validation2 = train_test
_split(X_train2, Y_train2, random_state=42)[] 
 []


Overfull \hbox (111.75pt too wide) in paragraph at lines 226--226
[]\TU/lmtt/m/n/10 ridge_train_rmse = np.sqrt(mean_squared_error(Y_train2, ridge
_model.predict(X_train2)))[] 
 []


Overfull \hbox (190.5pt too wide) in paragraph at lines 226--226
[]\TU/lmtt/m/n/10 ridge_validation_rmse = np.sqrt(mean_squared_error(Y_validati
on2, ridge_model.predict(X_validation2)))[] 
 []


Overfull \hbox (54.0pt too wide) in paragraph at lines 226--226
[]\TU/lmtt/m/n/10 ridge_cv_error = compute_CV_error(ridge_model, X_validation2,
 Y_validation2)[] 
 []

[4]
Overfull \hbox (111.75pt too wide) in paragraph at lines 262--262
[]\TU/lmtt/m/n/10 lasso_train_rmse = np.sqrt(mean_squared_error(Y_train2, lasso
_model.predict(X_train2)))[] 
 []


Overfull \hbox (190.5pt too wide) in paragraph at lines 262--262
[]\TU/lmtt/m/n/10 lasso_validation_rmse = np.sqrt(mean_squared_error(Y_validati
on2, lasso_model.predict(X_validation2)))[] 
 []


Overfull \hbox (54.0pt too wide) in paragraph at lines 262--262
[]\TU/lmtt/m/n/10 lasso_cv_error = compute_CV_error(lasso_model, X_validation2,
 Y_validation2)[] 
 []


Overfull \hbox (64.5pt too wide) in paragraph at lines 279--279
[]\TU/lmtt/m/n/10 models = pd.DataFrame({"Model": ['Multiple Linear Reg', '+ Ri
dge', "+ LASSO"],[] 
 []


Overfull \hbox (106.5pt too wide) in paragraph at lines 279--279
[]                       \TU/lmtt/m/n/10 "Train RMSE": [train_rmse, ridge_train
_rmse, lasso_train_rmse],[] 
 []


Overfull \hbox (211.5pt too wide) in paragraph at lines 279--279
[]                       \TU/lmtt/m/n/10 "Validation RMSE": [validation_rmse, r
idge_validation_rmse, lasso_validation_rmse],[] 
 []


Overfull \hbox (69.75pt too wide) in paragraph at lines 279--279
[]                       \TU/lmtt/m/n/10 "CV Error": [cv_error, ridge_cv_error,
 lasso_cv_error]})[] 
 []


Underfull \hbox (badness 10000) in paragraph at lines 284--284
[]\TU/lmr/m/n/10 Validation
 []


Underfull \hbox (badness 10000) in paragraph at lines 286--286
[]\TU/lmr/m/n/10 Multiple
 []

[5]
Overfull \hbox (106.5pt too wide) in paragraph at lines 309--309
[]\TU/lmtt/m/n/10 chosen_model_rmse = np.sqrt(mean_squared_error(Y_test2, ridge
_model.predict(X_test2)))[] 
 []


Overfull \hbox (27.75pt too wide) in paragraph at lines 309--309
[]\TU/lmtt/m/n/10 chosen_model_cv_error = compute_CV_error(lasso_model, X_test2
, Y_test2)[] 
 []


Overfull \hbox (138.0pt too wide) in paragraph at lines 317--317
[]\TU/lmtt/m/n/10 Model Coefficients: [ 1.72511138 -0.55015578 -0.05363698  0.2
7393151 -0.38793665 -1.37832871[] 
 []


Overfull \hbox (33.0pt too wide) in paragraph at lines 317--317
[] \TU/lmtt/m/n/10 -0.62505565 -2.96602234  0.11761864 -2.20657216  0.15295424 
 0.36485984[] 
 []

[6] [7] (./linear-regression.aux)
Package rerunfilecheck Info: File `linear-regression.out' has not changed.
(rerunfilecheck)             Checksum: E73D9EF354FF5A546DD6032A860B661B;1882.
 ) 
Here is how much of TeX's memory you used:
 9776 strings out of 478151
 155442 string characters out of 5852999
 479889 words of memory out of 5000000
 30257 multiletter control sequences out of 15000+600000
 472427 words of font info for 47 fonts, out of 8000000 for 9000
 14 hyphenation exceptions out of 8191
 70i,8n,76p,1078b,468s stack positions out of 5000i,500n,10000p,200000b,80000s

Output written on linear-regression.xdv (7 pages, 113928 bytes).
