This is XeTeX, Version 3.141592653-2.6-0.999993 (TeX Live 2022/dev/Debian) (preloaded format=xelatex 2025.12.10)  18 DEC 2025 04:19
entering extended mode
 \write18 enabled.
 file:line:error style messages enabled.
 %&-line parsing enabled.
**eda.tex
(./eda.tex
LaTeX2e <2021-11-15> patch level 1
L3 programming layer <2022-01-21> (/usr/share/texlive/texmf-dist/tex/latex/base
/article.cls
Document Class: article 2021/10/04 v1.4n Standard LaTeX document class
(/usr/share/texlive/texmf-dist/tex/latex/base/size10.clo
File: size10.clo 2021/10/04 v1.4n Standard LaTeX file (size option)
)
\c@part=\count181
\c@section=\count182
\c@subsection=\count183
\c@subsubsection=\count184
\c@paragraph=\count185
\c@subparagraph=\count186
\c@figure=\count187
\c@table=\count188
\abovecaptionskip=\skip47
\belowcaptionskip=\skip48
\bibindent=\dimen138
) (/usr/share/texlive/texmf-dist/tex/latex/hyperref/hyperref.sty
Package: hyperref 2021-06-07 v7.00m Hypertext links for LaTeX
(/usr/share/texlive/texmf-dist/tex/generic/ltxcmds/ltxcmds.sty
Package: ltxcmds 2020-05-10 v1.25 LaTeX kernel commands for general use (HO)
) (/usr/share/texlive/texmf-dist/tex/generic/iftex/iftex.sty
Package: iftex 2020/03/06 v1.0d TeX engine tests
) (/usr/share/texlive/texmf-dist/tex/generic/pdftexcmds/pdftexcmds.sty
Package: pdftexcmds 2020-06-27 v0.33 Utility functions of pdfTeX for LuaTeX (HO
)
(/usr/share/texlive/texmf-dist/tex/generic/infwarerr/infwarerr.sty
Package: infwarerr 2019/12/03 v1.5 Providing info/warning/error messages (HO)
)
Package pdftexcmds Info: \pdf@primitive is available.
Package pdftexcmds Info: \pdf@ifprimitive is available.
Package pdftexcmds Info: \pdfdraftmode not found.
) (/usr/share/texlive/texmf-dist/tex/latex/graphics/keyval.sty
Package: keyval 2014/10/28 v1.15 key=value parser (DPC)
\KV@toks@=\toks16
) (/usr/share/texlive/texmf-dist/tex/generic/kvsetkeys/kvsetkeys.sty
Package: kvsetkeys 2019/12/15 v1.18 Key value parser (HO)
) (/usr/share/texlive/texmf-dist/tex/generic/kvdefinekeys/kvdefinekeys.sty
Package: kvdefinekeys 2019-12-19 v1.6 Define keys (HO)
) (/usr/share/texlive/texmf-dist/tex/generic/pdfescape/pdfescape.sty
Package: pdfescape 2019/12/09 v1.15 Implements pdfTeX's escape features (HO)
) (/usr/share/texlive/texmf-dist/tex/latex/hycolor/hycolor.sty
Package: hycolor 2020-01-27 v1.10 Color options for hyperref/bookmark (HO)
) (/usr/share/texlive/texmf-dist/tex/latex/letltxmacro/letltxmacro.sty
Package: letltxmacro 2019/12/03 v1.6 Let assignment for LaTeX macros (HO)
) (/usr/share/texlive/texmf-dist/tex/latex/auxhook/auxhook.sty
Package: auxhook 2019-12-17 v1.6 Hooks for auxiliary files (HO)
) (/usr/share/texlive/texmf-dist/tex/latex/kvoptions/kvoptions.sty
Package: kvoptions 2020-10-07 v3.14 Key value format for package options (HO)
)
\@linkdim=\dimen139
\Hy@linkcounter=\count189
\Hy@pagecounter=\count190
(/usr/share/texlive/texmf-dist/tex/latex/hyperref/pd1enc.def
File: pd1enc.def 2021-06-07 v7.00m Hyperref: PDFDocEncoding definition (HO)
) (/usr/share/texlive/texmf-dist/tex/latex/hyperref/hyperref-langpatches.def
File: hyperref-langpatches.def 2021-06-07 v7.00m Hyperref: patches for babel la
nguages
) (/usr/share/texlive/texmf-dist/tex/generic/intcalc/intcalc.sty
Package: intcalc 2019/12/15 v1.3 Expandable calculations with integers (HO)
) (/usr/share/texlive/texmf-dist/tex/generic/etexcmds/etexcmds.sty
Package: etexcmds 2019/12/15 v1.7 Avoid name clashes with e-TeX commands (HO)
)
\Hy@SavedSpaceFactor=\count191
(/usr/share/texlive/texmf-dist/tex/latex/hyperref/puenc.def
File: puenc.def 2021-06-07 v7.00m Hyperref: PDF Unicode definition (HO)
)
Package hyperref Info: Hyper figures OFF on input line 4192.
Package hyperref Info: Link nesting OFF on input line 4197.
Package hyperref Info: Hyper index ON on input line 4200.
Package hyperref Info: Plain pages OFF on input line 4207.
Package hyperref Info: Backreferencing OFF on input line 4212.
Package hyperref Info: Implicit mode ON; LaTeX internals redefined.
Package hyperref Info: Bookmarks ON on input line 4445.
\c@Hy@tempcnt=\count192
(/usr/share/texlive/texmf-dist/tex/latex/url/url.sty
\Urlmuskip=\muskip16
Package: url 2013/09/16  ver 3.4  Verb mode for urls, etc.
)
LaTeX Info: Redefining \url on input line 4804.
\XeTeXLinkMargin=\dimen140
(/usr/share/texlive/texmf-dist/tex/generic/bitset/bitset.sty
Package: bitset 2019/12/09 v1.3 Handle bit-vector datatype (HO)
(/usr/share/texlive/texmf-dist/tex/generic/bigintcalc/bigintcalc.sty
Package: bigintcalc 2019/12/15 v1.5 Expandable calculations on big integers (HO
)
))
\Fld@menulength=\count193
\Field@Width=\dimen141
\Fld@charsize=\dimen142
Package hyperref Info: Hyper figures OFF on input line 6076.
Package hyperref Info: Link nesting OFF on input line 6081.
Package hyperref Info: Hyper index ON on input line 6084.
Package hyperref Info: backreferencing OFF on input line 6091.
Package hyperref Info: Link coloring OFF on input line 6096.
Package hyperref Info: Link coloring with OCG OFF on input line 6101.
Package hyperref Info: PDF/A mode OFF on input line 6106.
LaTeX Info: Redefining \ref on input line 6146.
LaTeX Info: Redefining \pageref on input line 6150.
(/usr/share/texlive/texmf-dist/tex/latex/base/atbegshi-ltx.sty
Package: atbegshi-ltx 2021/01/10 v1.0c Emulation of the original atbegshi
package with kernel methods
)
\Hy@abspage=\count194
\c@Item=\count195
\c@Hfootnote=\count196
)
Package hyperref Info: Driver (autodetected): hxetex.
(/usr/share/texlive/texmf-dist/tex/latex/hyperref/hxetex.def
File: hxetex.def 2021-06-07 v7.00m Hyperref driver for XeTeX
(/usr/share/texlive/texmf-dist/tex/generic/stringenc/stringenc.sty
Package: stringenc 2019/11/29 v1.12 Convert strings between diff. encodings (HO
)
)
\pdfm@box=\box50
\c@Hy@AnnotLevel=\count197
\HyField@AnnotCount=\count198
\Fld@listcount=\count199
\c@bookmark@seq@number=\count266
(/usr/share/texlive/texmf-dist/tex/latex/rerunfilecheck/rerunfilecheck.sty
Package: rerunfilecheck 2019/12/05 v1.9 Rerun checks for auxiliary files (HO)
(/usr/share/texlive/texmf-dist/tex/latex/base/atveryend-ltx.sty
Package: atveryend-ltx 2020/08/19 v1.0a Emulation of the original atveryend pac
kage
with kernel methods
) (/usr/share/texlive/texmf-dist/tex/generic/uniquecounter/uniquecounter.sty
Package: uniquecounter 2019/12/15 v1.4 Provide unlimited unique counter (HO)
)
Package uniquecounter Info: New unique counter `rerunfilecheck' on input line 2
86.
)
\Hy@SectionHShift=\skip49
) (/usr/share/texlive/texmf-dist/tex/latex/datetime/datetime.sty
Package: datetime 2015/03/20 v2.60 Date Time Package
(/usr/share/texlive/texmf-dist/tex/latex/etoolbox/etoolbox.sty
Package: etoolbox 2020/10/05 v2.5k e-TeX tools for LaTeX (JAW)
\etb@tempcnta=\count267
) (/usr/share/texlive/texmf-dist/tex/latex/fmtcount/fmtcount.sty
Invalid UTF-8 byte or sequence at line 10 replaced by U+FFFD.
Invalid UTF-8 byte or sequence at line 22 replaced by U+FFFD.
Package: fmtcount 2020/01/30 v3.07
(/usr/share/texlive/texmf-dist/tex/latex/base/ifthen.sty
Package: ifthen 2020/11/24 v1.1c Standard LaTeX ifthen package (DPC)
) (/usr/share/texlive/texmf-dist/tex/latex/xkeyval/xkeyval.sty
Package: xkeyval 2020/11/20 v2.8 package option processing (HA)
(/usr/share/texlive/texmf-dist/tex/generic/xkeyval/xkeyval.tex (/usr/share/texl
ive/texmf-dist/tex/generic/xkeyval/xkvutils.tex
\XKV@toks=\toks17
\XKV@tempa@toks=\toks18
)
\XKV@depth=\count268
File: xkeyval.tex 2014/12/03 v2.7a key=value parser (HA)
)) (/usr/share/texlive/texmf-dist/tex/latex/fmtcount/fcprefix.sty
Invalid UTF-8 byte or sequence at line 10 replaced by U+FFFD.
Invalid UTF-8 byte or sequence at line 22 replaced by U+FFFD.
Package: fcprefix 2012/09/28
(/usr/share/texlive/texmf-dist/tex/latex/fmtcount/fcnumparser.sty
Invalid UTF-8 byte or sequence at line 10 replaced by U+FFFD.
Invalid UTF-8 byte or sequence at line 22 replaced by U+FFFD.
Package: fcnumparser 2017/06/15
\fc@digit@counter=\count269
)) (/usr/share/texlive/texmf-dist/tex/latex/amsmath/amsgen.sty
File: amsgen.sty 1999/11/30 v2.0 generic functions
\@emptytoks=\toks19
\ex@=\dimen143
)
\c@padzeroesN=\count270
\fc@tmpcatcode=\count271
\@DT@modctr=\count272
\@ordinalctr=\count273
\@orgargctr=\count274
\@strctr=\count275
\@tmpstrctr=\count276
\@DT@loopN=\count277
\@DT@X=\count278
) (/usr/share/texlive/texmf-dist/tex/latex/datetime/datetime-defaults.sty
Package: datetime-defaults 2013/09/10
)
\@day=\count279
\@month=\count280
\@year=\count281
\c@HOUR=\count282
\c@HOURXII=\count283
\c@MINUTE=\count284
\c@TOHOUR=\count285
\c@TOMINUTE=\count286
\c@SECOND=\count287
\currenthour=\count288
\currentminute=\count289
\currentsecond=\count290
Package datetime Info: No datetime.cfg file found, using default settings on in
put line 308.
\@dtctr=\count291
\dayofyear=\count292
\dayofweek=\count293
LaTeX Info: Redefining \today on input line 736.
\dt@a=\toks20
\dt@b=\toks21
) (/usr/share/texlive/texmf-dist/tex/latex/graphics/graphicx.sty
Package: graphicx 2021/09/16 v1.2d Enhanced LaTeX Graphics (DPC,SPQR)
(/usr/share/texlive/texmf-dist/tex/latex/graphics/graphics.sty
Package: graphics 2021/03/04 v1.4d Standard LaTeX Graphics (DPC,SPQR)
(/usr/share/texlive/texmf-dist/tex/latex/graphics/trig.sty
Package: trig 2021/08/11 v1.11 sin cos tan (DPC)
) (/usr/share/texlive/texmf-dist/tex/latex/graphics-cfg/graphics.cfg
File: graphics.cfg 2016/06/04 v1.11 sample graphics configuration
)
Package graphics Info: Driver file: xetex.def on input line 107.
(/usr/share/texlive/texmf-dist/tex/latex/graphics-def/xetex.def
File: xetex.def 2021/03/18 v5.0k Graphics/color driver for xetex
))
\Gin@req@height=\dimen144
\Gin@req@width=\dimen145
) (/usr/share/texlive/texmf-dist/tex/latex/natbib/natbib.sty
Package: natbib 2010/09/13 8.31b (PWD, AO)
\bibhang=\skip50
\bibsep=\skip51
LaTeX Info: Redefining \cite on input line 694.
\c@NAT@ctr=\count294
) (/usr/share/texlive/texmf-dist/tex/latex/booktabs/booktabs.sty
Package: booktabs 2020/01/12 v1.61803398 Publication quality tables
\heavyrulewidth=\dimen146
\lightrulewidth=\dimen147
\cmidrulewidth=\dimen148
\belowrulesep=\dimen149
\belowbottomsep=\dimen150
\aboverulesep=\dimen151
\abovetopsep=\dimen152
\cmidrulesep=\dimen153
\cmidrulekern=\dimen154
\defaultaddspace=\dimen155
\@cmidla=\count295
\@cmidlb=\count296
\@aboverulesep=\dimen156
\@belowrulesep=\dimen157
\@thisruleclass=\count297
\@lastruleclass=\count298
\@thisrulewidth=\dimen158
)
Package hyperref Info: Option `colorlinks' set `true' on input line 16.
(/usr/share/texlive/texmf-dist/tex/latex/l3backend/l3backend-xetex.def
File: l3backend-xetex.def 2022-01-12 L3 backend support: XeTeX
(|extractbb --version)
\c__kernel_sys_dvipdfmx_version_int=\count299
\l__color_backend_stack_int=\count300
\g__color_backend_stack_int=\count301
\g__graphics_track_int=\count302
\l__pdf_internal_box=\box51
\g__pdf_backend_object_int=\count303
\g__pdf_backend_annotation_int=\count304
\g__pdf_backend_link_int=\count305
) (./eda.aux)
\openout1 = `eda.aux'.

LaTeX Font Info:    Checking defaults for OML/cmm/m/it on input line 29.
LaTeX Font Info:    ... okay on input line 29.
LaTeX Font Info:    Checking defaults for OMS/cmsy/m/n on input line 29.
LaTeX Font Info:    ... okay on input line 29.
LaTeX Font Info:    Checking defaults for OT1/cmr/m/n on input line 29.
LaTeX Font Info:    ... okay on input line 29.
LaTeX Font Info:    Checking defaults for T1/cmr/m/n on input line 29.
LaTeX Font Info:    ... okay on input line 29.
LaTeX Font Info:    Checking defaults for TS1/cmr/m/n on input line 29.
LaTeX Font Info:    Trying to load font information for TS1+cmr on input line 2
9.
(/usr/share/texlive/texmf-dist/tex/latex/base/ts1cmr.fd
File: ts1cmr.fd 2019/12/16 v2.5j Standard LaTeX font definitions
)
LaTeX Font Info:    ... okay on input line 29.
LaTeX Font Info:    Checking defaults for TU/lmr/m/n on input line 29.
LaTeX Font Info:    ... okay on input line 29.
LaTeX Font Info:    Checking defaults for OMX/cmex/m/n on input line 29.
LaTeX Font Info:    ... okay on input line 29.
LaTeX Font Info:    Checking defaults for U/cmr/m/n on input line 29.
LaTeX Font Info:    ... okay on input line 29.
LaTeX Font Info:    Checking defaults for PD1/pdf/m/n on input line 29.
LaTeX Font Info:    ... okay on input line 29.
LaTeX Font Info:    Checking defaults for PU/pdf/m/n on input line 29.
LaTeX Font Info:    ... okay on input line 29.
(/usr/share/texlive/texmf-dist/tex/latex/graphics/color.sty
Package: color 2021/12/07 v1.3c Standard LaTeX Color (DPC)
(/usr/share/texlive/texmf-dist/tex/latex/graphics-cfg/color.cfg
File: color.cfg 2016/01/02 v1.6 sample color configuration
)
Package color Info: Driver file: xetex.def on input line 149.
)
Package hyperref Info: Link coloring ON on input line 29.
(/usr/share/texlive/texmf-dist/tex/latex/hyperref/nameref.sty
Package: nameref 2021-04-02 v2.47 Cross-referencing by name of section
(/usr/share/texlive/texmf-dist/tex/latex/refcount/refcount.sty
Package: refcount 2019/12/15 v3.6 Data extraction from label references (HO)
) (/usr/share/texlive/texmf-dist/tex/generic/gettitlestring/gettitlestring.sty
Package: gettitlestring 2019/12/15 v1.6 Cleanup title references (HO)
)
\c@section@level=\count306
)
LaTeX Info: Redefining \ref on input line 29.
LaTeX Info: Redefining \pageref on input line 29.
LaTeX Info: Redefining \nameref on input line 29.
(./eda.out) (./eda.out)
\@outlinefile=\write3
\openout3 = `eda.out'.

(/usr/share/texlive/texmf-dist/tex/latex/fmtcount/fc-english.def
Invalid UTF-8 byte or sequence at line 10 replaced by U+FFFD.
Invalid UTF-8 byte or sequence at line 22 replaced by U+FFFD.
File: fc-english.def 2016/01/12
)
LaTeX Font Info:    External font `cmex10' loaded for size
(Font)              <12> on input line 31.
LaTeX Font Info:    External font `cmex10' loaded for size
(Font)              <8> on input line 31.
LaTeX Font Info:    External font `cmex10' loaded for size
(Font)              <6> on input line 31.
File: curvenote.png Graphic file (type bmp)
<curvenote.png>
LaTeX Font Info:    External font `cmex10' loaded for size
(Font)              <7> on input line 55.
LaTeX Font Info:    External font `cmex10' loaded for size
(Font)              <5> on input line 55.

Overfull \hbox (34.56563pt too wide) in paragraph at lines 57--57
[]\TU/lmr/m/n/10 track_id| 
 []


Overfull \hbox (23.83563pt too wide) in paragraph at lines 57--57
[]\TU/lmr/m/n/10 artists| 
 []


Overfull \hbox (54.53563pt too wide) in paragraph at lines 57--57
[]\TU/lmr/m/n/10 album_name| 
 []


Overfull \hbox (49.55563pt too wide) in paragraph at lines 57--57
[]\TU/lmr/m/n/10 track_name| 
 []


Overfull \hbox (41.80563pt too wide) in paragraph at lines 57--57
[]\TU/lmr/m/n/10 popularity| 
 []


Overfull \hbox (53.51564pt too wide) in paragraph at lines 57--57
[]\TU/lmr/m/n/10 duration_ms| 
 []


Overfull \hbox (28.42563pt too wide) in paragraph at lines 57--57
[]\TU/lmr/m/n/10 explicit| 
 []


Overfull \hbox (49.26564pt too wide) in paragraph at lines 57--57
[]\TU/lmr/m/n/10 danceability| 
 []


Overfull \hbox (25.11563pt too wide) in paragraph at lines 57--57
[]\TU/lmr/m/n/10 energy| 
 []


Overfull \hbox (11.19563pt too wide) in paragraph at lines 57--57
[]\TU/lmr/m/n/10 key| 
 []


Overfull \hbox (4.81563pt too wide) in paragraph at lines 57--57
[]\TU/lmr/m/n/10 ...| 
 []


Overfull \hbox (20.08563pt too wide) in paragraph at lines 57--57
[]\TU/lmr/m/n/10 mode| 
 []


Overfull \hbox (45.51564pt too wide) in paragraph at lines 57--57
[]\TU/lmr/m/n/10 speechiness| 
 []


Overfull \hbox (49.40564pt too wide) in paragraph at lines 57--57
[]\TU/lmr/m/n/10 acousticness| 
 []


Overfull \hbox (69.72563pt too wide) in paragraph at lines 57--57
[]\TU/lmr/m/n/10 instrumentalness| 
 []


Overfull \hbox (29.35564pt too wide) in paragraph at lines 57--57
[]\TU/lmr/m/n/10 liveness| 
 []


Overfull \hbox (27.85564pt too wide) in paragraph at lines 57--57
[]\TU/lmr/m/n/10 valence| 
 []


Overfull \hbox (23.97563pt too wide) in paragraph at lines 57--57
[]\TU/lmr/m/n/10 tempo| 
 []


Overfull \hbox (63.50563pt too wide) in paragraph at lines 57--57
[]\TU/lmr/m/n/10 time_signature| 
 []


Overfull \hbox (49.58563pt too wide) in paragraph at lines 57--57
[]\TU/lmr/m/n/10 track_genre| 
 []


Overfull \hbox (57.91563pt too wide) in paragraph at lines 57--58
[]\TU/lmr/m/n/10 duration_min| 
 []


Overfull \hbox (1.47563pt too wide) in paragraph at lines 59--59
[]\TU/lmr/m/n/10 0| 
 []


Overfull \hbox (128.17563pt too wide) in paragraph at lines 59--59
[]\TU/lmr/m/n/10 5SuOikwiRyPMVoIQDJUgSV| 
 []


Overfull \hbox (14.32564pt too wide) in paragraph at lines 59--59
[]\TU/lmr/m/n/10 Gen
 []


Overfull \hbox (31.81563pt too wide) in paragraph at lines 59--59
\TU/lmr/m/n/10 Hoshino| 
 []


Overfull \hbox (32.30563pt too wide) in paragraph at lines 59--59
[]\TU/lmr/m/n/10 Comedy| 
 []


Overfull \hbox (32.30563pt too wide) in paragraph at lines 59--59
[]\TU/lmr/m/n/10 Comedy| 
 []


Overfull \hbox (6.47563pt too wide) in paragraph at lines 59--59
[]\TU/lmr/m/n/10 73| 
 []


Overfull \hbox (26.47563pt too wide) in paragraph at lines 59--59
[]\TU/lmr/m/n/10 230666| 
 []


Overfull \hbox (16.47563pt too wide) in paragraph at lines 59--59
[]\TU/lmr/m/n/10 NaN| 
 []


Overfull \hbox (19.25563pt too wide) in paragraph at lines 59--59
[]\TU/lmr/m/n/10 0.676| 
 []


Overfull \hbox (24.25563pt too wide) in paragraph at lines 59--59
[]\TU/lmr/m/n/10 0.4610| 
 []


Overfull \hbox (1.47563pt too wide) in paragraph at lines 59--59
[]\TU/lmr/m/n/10 1| 
 []


Overfull \hbox (4.81563pt too wide) in paragraph at lines 59--59
[]\TU/lmr/m/n/10 ...| 
 []


Overfull \hbox (1.47563pt too wide) in paragraph at lines 59--59
[]\TU/lmr/m/n/10 0| 
 []


Overfull \hbox (24.25563pt too wide) in paragraph at lines 59--59
[]\TU/lmr/m/n/10 0.1430| 
 []


Overfull \hbox (24.25563pt too wide) in paragraph at lines 59--59
[]\TU/lmr/m/n/10 0.0322| 
 []


Overfull \hbox (34.25563pt too wide) in paragraph at lines 59--59
[]\TU/lmr/m/n/10 0.000001| 
 []


Overfull \hbox (24.25563pt too wide) in paragraph at lines 59--59
[]\TU/lmr/m/n/10 0.3580| 
 []


Overfull \hbox (19.25563pt too wide) in paragraph at lines 59--59
[]\TU/lmr/m/n/10 0.715| 
 []


Overfull \hbox (24.25563pt too wide) in paragraph at lines 59--59
[]\TU/lmr/m/n/10 87.917| 
 []


Overfull \hbox (1.47563pt too wide) in paragraph at lines 59--59
[]\TU/lmr/m/n/10 4| 
 []


Overfull \hbox (31.52563pt too wide) in paragraph at lines 59--59
[]\TU/lmr/m/n/10 acoustic| 
 []


Overfull \hbox (34.25563pt too wide) in paragraph at lines 59--60
[]\TU/lmr/m/n/10 3.844433| 
 []


Overfull \hbox (1.47563pt too wide) in paragraph at lines 61--61
[]\TU/lmr/m/n/10 1| 
 []


Overfull \hbox (125.10564pt too wide) in paragraph at lines 61--61
[]\TU/lmr/m/n/10 4qPNDBW1i3p13qLCt0Ki3A| 
 []


Overfull \hbox (13.55563pt too wide) in paragraph at lines 61--61
[]\TU/lmr/m/n/10 Ben
 []


Overfull \hbox (25.37563pt too wide) in paragraph at lines 61--61
\TU/lmr/m/n/10 Wood-
 []


Overfull \hbox (17.89563pt too wide) in paragraph at lines 61--61
\TU/lmr/m/n/10 ward| 
 []


Overfull \hbox (22.71564pt too wide) in paragraph at lines 61--61
[]\TU/lmr/m/n/10 Ghost
 []


Overfull \hbox (29.85564pt too wide) in paragraph at lines 61--61
\TU/lmr/m/n/10 (Acous-
 []


Overfull \hbox (11.47563pt too wide) in paragraph at lines 61--61
\TU/lmr/m/n/10 tic)| 
 []


Overfull \hbox (22.71564pt too wide) in paragraph at lines 61--61
[]\TU/lmr/m/n/10 Ghost
 []


Underfull \hbox (badness 10000) in paragraph at lines 61--61
\TU/lmr/m/n/10 -
 []


Overfull \hbox (25.96564pt too wide) in paragraph at lines 61--61
\TU/lmr/m/n/10 Acous-
 []


Overfull \hbox (7.58563pt too wide) in paragraph at lines 61--61
\TU/lmr/m/n/10 tic| 
 []


Overfull \hbox (6.47563pt too wide) in paragraph at lines 61--61
[]\TU/lmr/m/n/10 55| 
 []


Overfull \hbox (26.47563pt too wide) in paragraph at lines 61--61
[]\TU/lmr/m/n/10 149610| 
 []


Overfull \hbox (16.47563pt too wide) in paragraph at lines 61--61
[]\TU/lmr/m/n/10 NaN| 
 []


Overfull \hbox (19.25563pt too wide) in paragraph at lines 61--61
[]\TU/lmr/m/n/10 0.420| 
 []


Overfull \hbox (24.25563pt too wide) in paragraph at lines 61--61
[]\TU/lmr/m/n/10 0.1660| 
 []


Overfull \hbox (1.47563pt too wide) in paragraph at lines 61--61
[]\TU/lmr/m/n/10 1| 
 []


Overfull \hbox (4.81563pt too wide) in paragraph at lines 61--61
[]\TU/lmr/m/n/10 ...| 
 []


Overfull \hbox (1.47563pt too wide) in paragraph at lines 61--61
[]\TU/lmr/m/n/10 1| 
 []


Overfull \hbox (24.25563pt too wide) in paragraph at lines 61--61
[]\TU/lmr/m/n/10 0.0763| 
 []


Overfull \hbox (24.25563pt too wide) in paragraph at lines 61--61
[]\TU/lmr/m/n/10 0.9240| 
 []


Overfull \hbox (34.25563pt too wide) in paragraph at lines 61--61
[]\TU/lmr/m/n/10 0.000006| 
 []


Overfull \hbox (24.25563pt too wide) in paragraph at lines 61--61
[]\TU/lmr/m/n/10 0.1010| 
 []


Overfull \hbox (19.25563pt too wide) in paragraph at lines 61--61
[]\TU/lmr/m/n/10 0.267| 
 []


Overfull \hbox (24.25563pt too wide) in paragraph at lines 61--61
[]\TU/lmr/m/n/10 77.489| 
 []


Overfull \hbox (1.47563pt too wide) in paragraph at lines 61--61
[]\TU/lmr/m/n/10 4| 
 []


Overfull \hbox (31.52563pt too wide) in paragraph at lines 61--61
[]\TU/lmr/m/n/10 acoustic| 
 []


Overfull \hbox (34.25563pt too wide) in paragraph at lines 61--62
[]\TU/lmr/m/n/10 2.493500| 
 []


Overfull \hbox (1.47563pt too wide) in paragraph at lines 63--63
[]\TU/lmr/m/n/10 2| 
 []


Overfull \hbox (119.56563pt too wide) in paragraph at lines 63--63
[]\TU/lmr/m/n/10 1iJBSr7s7jYXzM8EGcbK5b| 
 []


Overfull \hbox (22.90564pt too wide) in paragraph at lines 63--63
[]\TU/lmr/m/n/10 Ingrid
 []


Overfull \hbox (33.69563pt too wide) in paragraph at lines 63--63
\TU/lmr/m/n/10 Michael-
 []


Overfull \hbox (41.53563pt too wide) in paragraph at lines 63--63
\TU/lmr/m/n/10 son;ZAYN| 
 []


Overfull \hbox (7.86563pt too wide) in paragraph at lines 63--63
[]\TU/lmr/m/n/10 To
 []


Overfull \hbox (11.32564pt too wide) in paragraph at lines 63--63
\TU/lmr/m/n/10 Be-
 []


Overfull \hbox (9.81563pt too wide) in paragraph at lines 63--63
\TU/lmr/m/n/10 gin
 []


Overfull \hbox (22.31563pt too wide) in paragraph at lines 63--63
\TU/lmr/m/n/10 Again| 
 []


Overfull \hbox (7.86563pt too wide) in paragraph at lines 63--63
[]\TU/lmr/m/n/10 To
 []


Overfull \hbox (11.32564pt too wide) in paragraph at lines 63--63
\TU/lmr/m/n/10 Be-
 []


Overfull \hbox (9.81563pt too wide) in paragraph at lines 63--63
\TU/lmr/m/n/10 gin
 []


Overfull \hbox (22.31563pt too wide) in paragraph at lines 63--63
\TU/lmr/m/n/10 Again| 
 []


Overfull \hbox (6.47563pt too wide) in paragraph at lines 63--63
[]\TU/lmr/m/n/10 57| 
 []


Overfull \hbox (26.47563pt too wide) in paragraph at lines 63--63
[]\TU/lmr/m/n/10 210826| 
 []


Overfull \hbox (16.47563pt too wide) in paragraph at lines 63--63
[]\TU/lmr/m/n/10 NaN| 
 []


Overfull \hbox (19.25563pt too wide) in paragraph at lines 63--63
[]\TU/lmr/m/n/10 0.438| 
 []


Overfull \hbox (24.25563pt too wide) in paragraph at lines 63--63
[]\TU/lmr/m/n/10 0.3590| 
 []


Overfull \hbox (1.47563pt too wide) in paragraph at lines 63--63
[]\TU/lmr/m/n/10 0| 
 []


Overfull \hbox (4.81563pt too wide) in paragraph at lines 63--63
[]\TU/lmr/m/n/10 ...| 
 []


Overfull \hbox (1.47563pt too wide) in paragraph at lines 63--63
[]\TU/lmr/m/n/10 1| 
 []


Overfull \hbox (24.25563pt too wide) in paragraph at lines 63--63
[]\TU/lmr/m/n/10 0.0557| 
 []


Overfull \hbox (24.25563pt too wide) in paragraph at lines 63--63
[]\TU/lmr/m/n/10 0.2100| 
 []


Overfull \hbox (34.25563pt too wide) in paragraph at lines 63--63
[]\TU/lmr/m/n/10 0.000000| 
 []


Overfull \hbox (24.25563pt too wide) in paragraph at lines 63--63
[]\TU/lmr/m/n/10 0.1170| 
 []


Overfull \hbox (19.25563pt too wide) in paragraph at lines 63--63
[]\TU/lmr/m/n/10 0.120| 
 []


Overfull \hbox (24.25563pt too wide) in paragraph at lines 63--63
[]\TU/lmr/m/n/10 76.332| 
 []


Overfull \hbox (1.47563pt too wide) in paragraph at lines 63--63
[]\TU/lmr/m/n/10 4| 
 []


Overfull \hbox (31.52563pt too wide) in paragraph at lines 63--63
[]\TU/lmr/m/n/10 acoustic| 
 []


Overfull \hbox (34.25563pt too wide) in paragraph at lines 63--64
[]\TU/lmr/m/n/10 3.513767| 
 []


Overfull \hbox (1.47563pt too wide) in paragraph at lines 65--65
[]\TU/lmr/m/n/10 3| 
 []


Overfull \hbox (112.26564pt too wide) in paragraph at lines 65--65
[]\TU/lmr/m/n/10 6lfxq3CG4xtTiEg7opyCyx| 
 []


Overfull \hbox (17.59563pt too wide) in paragraph at lines 65--65
[]\TU/lmr/m/n/10 Kina
 []


Overfull \hbox (22.13564pt too wide) in paragraph at lines 65--65
\TU/lmr/m/n/10 Gran-
 []


Overfull \hbox (8.75563pt too wide) in paragraph at lines 65--65
\TU/lmr/m/n/10 nis| 
 []


Overfull \hbox (22.33563pt too wide) in paragraph at lines 65--65
[]\TU/lmr/m/n/10 Crazy
 []


Overfull \hbox (16.33563pt too wide) in paragraph at lines 65--65
\TU/lmr/m/n/10 Rich
 []


Overfull \hbox (25.19563pt too wide) in paragraph at lines 65--65
\TU/lmr/m/n/10 Asians
 []


Overfull \hbox (23.17563pt too wide) in paragraph at lines 65--65
\TU/lmr/m/n/10 (Orig-
 []


Overfull \hbox (2.58563pt too wide) in paragraph at lines 65--65
\TU/lmr/m/n/10 i-
 []


Overfull \hbox (9.81563pt too wide) in paragraph at lines 65--65
\TU/lmr/m/n/10 nal
 []


Overfull \hbox (13.97563pt too wide) in paragraph at lines 65--65
\TU/lmr/m/n/10 Mo-
 []


Overfull \hbox (13.70563pt too wide) in paragraph at lines 65--65
\TU/lmr/m/n/10 tion
 []


Overfull \hbox (13.83563pt too wide) in paragraph at lines 65--65
\TU/lmr/m/n/10 Pic-
 []


Overfull \hbox (14.28563pt too wide) in paragraph at lines 65--65
\TU/lmr/m/n/10 ture
 []


Overfull \hbox (20.93564pt too wide) in paragraph at lines 65--65
\TU/lmr/m/n/10 Sou...| 
 []


Overfull \hbox (20.92563pt too wide) in paragraph at lines 65--65
[]\TU/lmr/m/n/10 Can’t
 []


Overfull \hbox (16.75563pt too wide) in paragraph at lines 65--65
\TU/lmr/m/n/10 Help
 []


Overfull \hbox (26.07564pt too wide) in paragraph at lines 65--65
\TU/lmr/m/n/10 Falling
 []


Overfull \hbox (5.64563pt too wide) in paragraph at lines 65--65
\TU/lmr/m/n/10 In
 []


Overfull \hbox (16.88564pt too wide) in paragraph at lines 65--65
\TU/lmr/m/n/10 Love| 
 []


Overfull \hbox (6.47563pt too wide) in paragraph at lines 65--65
[]\TU/lmr/m/n/10 71| 
 []


Overfull \hbox (26.47563pt too wide) in paragraph at lines 65--65
[]\TU/lmr/m/n/10 201933| 
 []


Overfull \hbox (16.47563pt too wide) in paragraph at lines 65--65
[]\TU/lmr/m/n/10 NaN| 
 []


Overfull \hbox (19.25563pt too wide) in paragraph at lines 65--65
[]\TU/lmr/m/n/10 0.266| 
 []


Overfull \hbox (24.25563pt too wide) in paragraph at lines 65--65
[]\TU/lmr/m/n/10 0.0596| 
 []


Overfull \hbox (1.47563pt too wide) in paragraph at lines 65--65
[]\TU/lmr/m/n/10 0| 
 []


Overfull \hbox (4.81563pt too wide) in paragraph at lines 65--65
[]\TU/lmr/m/n/10 ...| 
 []


Overfull \hbox (1.47563pt too wide) in paragraph at lines 65--65
[]\TU/lmr/m/n/10 1| 
 []


Overfull \hbox (24.25563pt too wide) in paragraph at lines 65--65
[]\TU/lmr/m/n/10 0.0363| 
 []


Overfull \hbox (24.25563pt too wide) in paragraph at lines 65--65
[]\TU/lmr/m/n/10 0.9050| 
 []


Overfull \hbox (34.25563pt too wide) in paragraph at lines 65--65
[]\TU/lmr/m/n/10 0.000071| 
 []


Overfull \hbox (24.25563pt too wide) in paragraph at lines 65--65
[]\TU/lmr/m/n/10 0.1320| 
 []


Overfull \hbox (19.25563pt too wide) in paragraph at lines 65--65
[]\TU/lmr/m/n/10 0.143| 
 []


Overfull \hbox (29.25563pt too wide) in paragraph at lines 65--65
[]\TU/lmr/m/n/10 181.740| 
 []


Overfull \hbox (1.47563pt too wide) in paragraph at lines 65--65
[]\TU/lmr/m/n/10 3| 
 []


Overfull \hbox (31.52563pt too wide) in paragraph at lines 65--65
[]\TU/lmr/m/n/10 acoustic| 
 []


Overfull \hbox (34.25563pt too wide) in paragraph at lines 65--66
[]\TU/lmr/m/n/10 3.365550| 
 []


Overfull \hbox (1.47563pt too wide) in paragraph at lines 67--67
[]\TU/lmr/m/n/10 4| 
 []


Overfull \hbox (116.28563pt too wide) in paragraph at lines 67--67
[]\TU/lmr/m/n/10 5vjLSffimiIP26QG5WcN2K| 
 []


Overfull \hbox (23.73563pt too wide) in paragraph at lines 67--67
[]\TU/lmr/m/n/10 Chord
 []


Overfull \hbox (20.94563pt too wide) in paragraph at lines 67--67
\TU/lmr/m/n/10 Over-
 []


Overfull \hbox (20.99564pt too wide) in paragraph at lines 67--67
\TU/lmr/m/n/10 street| 
 []


Overfull \hbox (17.31563pt too wide) in paragraph at lines 67--67
[]\TU/lmr/m/n/10 Hold
 []


Overfull \hbox (9.81563pt too wide) in paragraph at lines 67--67
\TU/lmr/m/n/10 On| 
 []


Overfull \hbox (17.31563pt too wide) in paragraph at lines 67--67
[]\TU/lmr/m/n/10 Hold
 []


Overfull \hbox (9.81563pt too wide) in paragraph at lines 67--67
\TU/lmr/m/n/10 On| 
 []


Overfull \hbox (6.47563pt too wide) in paragraph at lines 67--67
[]\TU/lmr/m/n/10 82| 
 []


Overfull \hbox (26.47563pt too wide) in paragraph at lines 67--67
[]\TU/lmr/m/n/10 198853| 
 []


Overfull \hbox (16.47563pt too wide) in paragraph at lines 67--67
[]\TU/lmr/m/n/10 NaN| 
 []


Overfull \hbox (19.25563pt too wide) in paragraph at lines 67--67
[]\TU/lmr/m/n/10 0.618| 
 []


Overfull \hbox (24.25563pt too wide) in paragraph at lines 67--67
[]\TU/lmr/m/n/10 0.4430| 
 []


Overfull \hbox (1.47563pt too wide) in paragraph at lines 67--67
[]\TU/lmr/m/n/10 2| 
 []


Overfull \hbox (4.81563pt too wide) in paragraph at lines 67--67
[]\TU/lmr/m/n/10 ...| 
 []


Overfull \hbox (1.47563pt too wide) in paragraph at lines 67--67
[]\TU/lmr/m/n/10 1| 
 []


Overfull \hbox (24.25563pt too wide) in paragraph at lines 67--67
[]\TU/lmr/m/n/10 0.0526| 
 []


Overfull \hbox (24.25563pt too wide) in paragraph at lines 67--67
[]\TU/lmr/m/n/10 0.4690| 
 []


Overfull \hbox (34.25563pt too wide) in paragraph at lines 67--67
[]\TU/lmr/m/n/10 0.000000| 
 []


Overfull \hbox (24.25563pt too wide) in paragraph at lines 67--67
[]\TU/lmr/m/n/10 0.0829| 
 []


Overfull \hbox (19.25563pt too wide) in paragraph at lines 67--67
[]\TU/lmr/m/n/10 0.167| 
 []


Overfull \hbox (29.25563pt too wide) in paragraph at lines 67--67
[]\TU/lmr/m/n/10 119.949| 
 []


Overfull \hbox (1.47563pt too wide) in paragraph at lines 67--67
[]\TU/lmr/m/n/10 4| 
 []


Overfull \hbox (31.52563pt too wide) in paragraph at lines 67--67
[]\TU/lmr/m/n/10 acoustic| 
 []


Overfull \hbox (34.25563pt too wide) in paragraph at lines 67--68
[]\TU/lmr/m/n/10 3.314217| 
 []

[1

]
Overfull \hbox (17.25pt too wide) in paragraph at lines 111--111
[] \TU/lmtt/m/n/10 - - -  - - - - - -            - - - - - - - - - - - - - -  -
 - - - -[] 
 []

[2]
Overfull \hbox (19.03761pt too wide) in paragraph at lines 124--124
[]\TU/lmr/m/n/10 popularity| 
 []


Overfull \hbox (6.48761pt too wide) in paragraph at lines 124--124
[]\TU/lmr/m/n/10 89741.0| 
 []


Overfull \hbox (16.48761pt too wide) in paragraph at lines 124--124
[]\TU/lmr/m/n/10 33.198438| 
 []


Overfull \hbox (16.48761pt too wide) in paragraph at lines 124--124
[]\TU/lmr/m/n/10 20.580824| 
 []


Overfull \hbox (6.48761pt too wide) in paragraph at lines 124--124
[]\TU/lmr/m/n/10 19.0000| 
 []


Overfull \hbox (16.48761pt too wide) in paragraph at lines 124--124
[]\TU/lmr/m/n/10 33.000000| 
 []


Overfull \hbox (16.48761pt too wide) in paragraph at lines 124--124
[]\TU/lmr/m/n/10 49.000000| 
 []


Overfull \hbox (33.70761pt too wide) in paragraph at lines 124--125
[]\TU/lmr/m/n/10 1.000000e+02| 
 []


Overfull \hbox (30.74762pt too wide) in paragraph at lines 126--126
[]\TU/lmr/m/n/10 duration_ms| 
 []


Overfull \hbox (6.48761pt too wide) in paragraph at lines 126--126
[]\TU/lmr/m/n/10 89741.0| 
 []


Overfull \hbox (36.48761pt too wide) in paragraph at lines 126--126
[]\TU/lmr/m/n/10 229141.812182| 
 []


Overfull \hbox (36.48761pt too wide) in paragraph at lines 126--126
[]\TU/lmr/m/n/10 112947.741190| 
 []


Overfull \hbox (26.48761pt too wide) in paragraph at lines 126--126
[]\TU/lmr/m/n/10 173040.0000| 
 []


Overfull \hbox (36.48761pt too wide) in paragraph at lines 126--126
[]\TU/lmr/m/n/10 213293.000000| 
 []


Overfull \hbox (36.48761pt too wide) in paragraph at lines 126--126
[]\TU/lmr/m/n/10 264293.000000| 
 []


Overfull \hbox (33.70761pt too wide) in paragraph at lines 126--127
[]\TU/lmr/m/n/10 5.237295e+06| 
 []


Overfull \hbox (5.65761pt too wide) in paragraph at lines 128--128
[]\TU/lmr/m/n/10 explicit| 
 []


Overfull \hbox (26.49762pt too wide) in paragraph at lines 130--130
[]\TU/lmr/m/n/10 danceability| 
 []


Overfull \hbox (6.48761pt too wide) in paragraph at lines 130--130
[]\TU/lmr/m/n/10 89741.0| 
 []


Overfull \hbox (11.48761pt too wide) in paragraph at lines 130--130
[]\TU/lmr/m/n/10 0.562166| 
 []


Overfull \hbox (11.48761pt too wide) in paragraph at lines 130--130
[]\TU/lmr/m/n/10 0.176691| 
 []


Overfull \hbox (1.48761pt too wide) in paragraph at lines 130--130
[]\TU/lmr/m/n/10 0.4500| 
 []


Overfull \hbox (11.48761pt too wide) in paragraph at lines 130--130
[]\TU/lmr/m/n/10 0.576000| 
 []


Overfull \hbox (11.48761pt too wide) in paragraph at lines 130--130
[]\TU/lmr/m/n/10 0.692000| 
 []


Overfull \hbox (19.25761pt too wide) in paragraph at lines 130--131
[]\TU/lmr/m/n/10 9.850000e-
 []


Overfull \hbox (2.34761pt too wide) in paragraph at lines 132--132
[]\TU/lmr/m/n/10 energy| 
 []


Overfull \hbox (6.48761pt too wide) in paragraph at lines 132--132
[]\TU/lmr/m/n/10 89741.0| 
 []


Overfull \hbox (11.48761pt too wide) in paragraph at lines 132--132
[]\TU/lmr/m/n/10 0.634458| 
 []


Overfull \hbox (11.48761pt too wide) in paragraph at lines 132--132
[]\TU/lmr/m/n/10 0.256605| 
 []


Overfull \hbox (1.48761pt too wide) in paragraph at lines 132--132
[]\TU/lmr/m/n/10 0.4570| 
 []


Overfull \hbox (11.48761pt too wide) in paragraph at lines 132--132
[]\TU/lmr/m/n/10 0.676000| 
 []


Overfull \hbox (11.48761pt too wide) in paragraph at lines 132--132
[]\TU/lmr/m/n/10 0.853000| 
 []


Overfull \hbox (33.70761pt too wide) in paragraph at lines 132--133
[]\TU/lmr/m/n/10 1.000000e+00| 
 []


Overfull \hbox (6.48761pt too wide) in paragraph at lines 134--134
[]\TU/lmr/m/n/10 89741.0| 
 []


Overfull \hbox (11.48761pt too wide) in paragraph at lines 134--134
[]\TU/lmr/m/n/10 5.283549| 
 []


Overfull \hbox (11.48761pt too wide) in paragraph at lines 134--134
[]\TU/lmr/m/n/10 3.559897| 
 []


Overfull \hbox (1.48761pt too wide) in paragraph at lines 134--134
[]\TU/lmr/m/n/10 2.0000| 
 []


Overfull \hbox (11.48761pt too wide) in paragraph at lines 134--134
[]\TU/lmr/m/n/10 5.000000| 
 []


Overfull \hbox (11.48761pt too wide) in paragraph at lines 134--134
[]\TU/lmr/m/n/10 8.000000| 
 []


Overfull \hbox (33.70761pt too wide) in paragraph at lines 134--135
[]\TU/lmr/m/n/10 1.100000e+01| 
 []


Overfull \hbox (10.48761pt too wide) in paragraph at lines 136--136
[]\TU/lmr/m/n/10 loudness| 
 []


Overfull \hbox (6.48761pt too wide) in paragraph at lines 136--136
[]\TU/lmr/m/n/10 89741.0| 
 []


Underfull \hbox (badness 10000) in paragraph at lines 136--136
[]\TU/lmr/m/n/10 -
 []


Overfull \hbox (11.48761pt too wide) in paragraph at lines 136--136
\TU/lmr/m/n/10 8.499004| 
 []


Overfull \hbox (11.48761pt too wide) in paragraph at lines 136--136
[]\TU/lmr/m/n/10 5.221490| 
 []


Underfull \hbox (badness 10000) in paragraph at lines 136--136
[]\TU/lmr/m/n/10 -
 []


Overfull \hbox (1.48761pt too wide) in paragraph at lines 136--136
\TU/lmr/m/n/10 49.531| 
 []


Underfull \hbox (badness 10000) in paragraph at lines 136--136
[]\TU/lmr/m/n/10 -
 []


Overfull \hbox (6.48761pt too wide) in paragraph at lines 136--136
\TU/lmr/m/n/10 10.3220| 
 []


Underfull \hbox (badness 10000) in paragraph at lines 136--136
[]\TU/lmr/m/n/10 -
 []


Overfull \hbox (11.48761pt too wide) in paragraph at lines 136--136
\TU/lmr/m/n/10 7.185000| 
 []


Underfull \hbox (badness 10000) in paragraph at lines 136--136
[]\TU/lmr/m/n/10 -
 []


Overfull \hbox (11.48761pt too wide) in paragraph at lines 136--136
\TU/lmr/m/n/10 5.108000| 
 []


Overfull \hbox (33.70761pt too wide) in paragraph at lines 136--137
[]\TU/lmr/m/n/10 4.532000e+00| 
 []


Overfull \hbox (6.48761pt too wide) in paragraph at lines 138--138
[]\TU/lmr/m/n/10 89741.0| 
 []


Overfull \hbox (11.48761pt too wide) in paragraph at lines 138--138
[]\TU/lmr/m/n/10 0.636966| 
 []


Overfull \hbox (11.48761pt too wide) in paragraph at lines 138--138
[]\TU/lmr/m/n/10 0.480877| 
 []


Overfull \hbox (1.48761pt too wide) in paragraph at lines 138--138
[]\TU/lmr/m/n/10 0.0000| 
 []


Overfull \hbox (11.48761pt too wide) in paragraph at lines 138--138
[]\TU/lmr/m/n/10 1.000000| 
 []


Overfull \hbox (11.48761pt too wide) in paragraph at lines 138--138
[]\TU/lmr/m/n/10 1.000000| 
 []


Overfull \hbox (33.70761pt too wide) in paragraph at lines 138--139
[]\TU/lmr/m/n/10 1.000000e+00| 
 []


Overfull \hbox (22.74762pt too wide) in paragraph at lines 140--140
[]\TU/lmr/m/n/10 speechiness| 
 []


Overfull \hbox (6.48761pt too wide) in paragraph at lines 140--140
[]\TU/lmr/m/n/10 89741.0| 
 []


Overfull \hbox (11.48761pt too wide) in paragraph at lines 140--140
[]\TU/lmr/m/n/10 0.087442| 
 []


Overfull \hbox (11.48761pt too wide) in paragraph at lines 140--140
[]\TU/lmr/m/n/10 0.113277| 
 []


Overfull \hbox (1.48761pt too wide) in paragraph at lines 140--140
[]\TU/lmr/m/n/10 0.0360| 
 []


Overfull \hbox (11.48761pt too wide) in paragraph at lines 140--140
[]\TU/lmr/m/n/10 0.048900| 
 []


Overfull \hbox (11.48761pt too wide) in paragraph at lines 140--140
[]\TU/lmr/m/n/10 0.085900| 
 []


Overfull \hbox (19.25761pt too wide) in paragraph at lines 140--141
[]\TU/lmr/m/n/10 9.650000e-
 []


Overfull \hbox (26.63762pt too wide) in paragraph at lines 142--142
[]\TU/lmr/m/n/10 acousticness| 
 []


Overfull \hbox (6.48761pt too wide) in paragraph at lines 142--142
[]\TU/lmr/m/n/10 89741.0| 
 []


Overfull \hbox (11.48761pt too wide) in paragraph at lines 142--142
[]\TU/lmr/m/n/10 0.328289| 
 []


Overfull \hbox (11.48761pt too wide) in paragraph at lines 142--142
[]\TU/lmr/m/n/10 0.338321| 
 []


Overfull \hbox (1.48761pt too wide) in paragraph at lines 142--142
[]\TU/lmr/m/n/10 0.0171| 
 []


Overfull \hbox (11.48761pt too wide) in paragraph at lines 142--142
[]\TU/lmr/m/n/10 0.188000| 
 []


Overfull \hbox (11.48761pt too wide) in paragraph at lines 142--142
[]\TU/lmr/m/n/10 0.625000| 
 []


Overfull \hbox (19.25761pt too wide) in paragraph at lines 142--143
[]\TU/lmr/m/n/10 9.960000e-
 []


Overfull \hbox (46.95761pt too wide) in paragraph at lines 144--144
[]\TU/lmr/m/n/10 instrumentalness| 
 []


Overfull \hbox (6.48761pt too wide) in paragraph at lines 144--144
[]\TU/lmr/m/n/10 89741.0| 
 []


Overfull \hbox (11.48761pt too wide) in paragraph at lines 144--144
[]\TU/lmr/m/n/10 0.173413| 
 []


Overfull \hbox (11.48761pt too wide) in paragraph at lines 144--144
[]\TU/lmr/m/n/10 0.323848| 
 []


Overfull \hbox (1.48761pt too wide) in paragraph at lines 144--144
[]\TU/lmr/m/n/10 0.0000| 
 []


Overfull \hbox (11.48761pt too wide) in paragraph at lines 144--144
[]\TU/lmr/m/n/10 0.000058| 
 []


Overfull \hbox (11.48761pt too wide) in paragraph at lines 144--144
[]\TU/lmr/m/n/10 0.097600| 
 []


Overfull \hbox (33.70761pt too wide) in paragraph at lines 144--145
[]\TU/lmr/m/n/10 1.000000e+00| 
 []


Overfull \hbox (6.58762pt too wide) in paragraph at lines 146--146
[]\TU/lmr/m/n/10 liveness| 
 []


Overfull \hbox (6.48761pt too wide) in paragraph at lines 146--146
[]\TU/lmr/m/n/10 89741.0| 
 []


Overfull \hbox (11.48761pt too wide) in paragraph at lines 146--146
[]\TU/lmr/m/n/10 0.216970| 
 []


Overfull \hbox (11.48761pt too wide) in paragraph at lines 146--146
[]\TU/lmr/m/n/10 0.194884| 
 []


Overfull \hbox (1.48761pt too wide) in paragraph at lines 146--146
[]\TU/lmr/m/n/10 0.0982| 
 []


Overfull \hbox (11.48761pt too wide) in paragraph at lines 146--146
[]\TU/lmr/m/n/10 0.132000| 
 []


Overfull \hbox (11.48761pt too wide) in paragraph at lines 146--146
[]\TU/lmr/m/n/10 0.279000| 
 []


Overfull \hbox (33.70761pt too wide) in paragraph at lines 146--147
[]\TU/lmr/m/n/10 1.000000e+00| 
 []


Overfull \hbox (5.08762pt too wide) in paragraph at lines 148--148
[]\TU/lmr/m/n/10 valence| 
 []


Overfull \hbox (6.48761pt too wide) in paragraph at lines 148--148
[]\TU/lmr/m/n/10 89741.0| 
 []


Overfull \hbox (11.48761pt too wide) in paragraph at lines 148--148
[]\TU/lmr/m/n/10 0.469477| 
 []


Overfull \hbox (11.48761pt too wide) in paragraph at lines 148--148
[]\TU/lmr/m/n/10 0.262864| 
 []


Overfull \hbox (1.48761pt too wide) in paragraph at lines 148--148
[]\TU/lmr/m/n/10 0.2490| 
 []


Overfull \hbox (11.48761pt too wide) in paragraph at lines 148--148
[]\TU/lmr/m/n/10 0.457000| 
 []


Overfull \hbox (11.48761pt too wide) in paragraph at lines 148--148
[]\TU/lmr/m/n/10 0.682000| 
 []


Overfull \hbox (19.25761pt too wide) in paragraph at lines 148--149
[]\TU/lmr/m/n/10 9.950000e-
 []


Overfull \hbox (1.20761pt too wide) in paragraph at lines 150--150
[]\TU/lmr/m/n/10 tempo| 
 []


Overfull \hbox (6.48761pt too wide) in paragraph at lines 150--150
[]\TU/lmr/m/n/10 89741.0| 
 []


Overfull \hbox (21.48761pt too wide) in paragraph at lines 150--150
[]\TU/lmr/m/n/10 122.058316| 
 []


Overfull \hbox (16.48761pt too wide) in paragraph at lines 150--150
[]\TU/lmr/m/n/10 30.117532| 
 []


Overfull \hbox (6.48761pt too wide) in paragraph at lines 150--150
[]\TU/lmr/m/n/10 99.2640| 
 []


Overfull \hbox (21.48761pt too wide) in paragraph at lines 150--150
[]\TU/lmr/m/n/10 122.013000| 
 []


Overfull \hbox (21.48761pt too wide) in paragraph at lines 150--150
[]\TU/lmr/m/n/10 140.077000| 
 []


Overfull \hbox (33.70761pt too wide) in paragraph at lines 150--151
[]\TU/lmr/m/n/10 2.433720e+02| 
 []


Overfull \hbox (40.73761pt too wide) in paragraph at lines 152--152
[]\TU/lmr/m/n/10 time_signature| 
 []


Overfull \hbox (6.48761pt too wide) in paragraph at lines 152--152
[]\TU/lmr/m/n/10 89741.0| 
 []


Overfull \hbox (11.48761pt too wide) in paragraph at lines 152--152
[]\TU/lmr/m/n/10 3.897427| 
 []


Overfull \hbox (11.48761pt too wide) in paragraph at lines 152--152
[]\TU/lmr/m/n/10 0.453435| 
 []


Overfull \hbox (1.48761pt too wide) in paragraph at lines 152--152
[]\TU/lmr/m/n/10 4.0000| 
 []


Overfull \hbox (11.48761pt too wide) in paragraph at lines 152--152
[]\TU/lmr/m/n/10 4.000000| 
 []


Overfull \hbox (11.48761pt too wide) in paragraph at lines 152--152
[]\TU/lmr/m/n/10 4.000000| 
 []


Overfull \hbox (33.70761pt too wide) in paragraph at lines 152--153
[]\TU/lmr/m/n/10 5.000000e+00| 
 []


Overfull \hbox (35.14761pt too wide) in paragraph at lines 154--154
[]\TU/lmr/m/n/10 duration_min| 
 []


Overfull \hbox (6.48761pt too wide) in paragraph at lines 154--154
[]\TU/lmr/m/n/10 89741.0| 
 []


Overfull \hbox (11.48761pt too wide) in paragraph at lines 154--154
[]\TU/lmr/m/n/10 3.819030| 
 []


Overfull \hbox (11.48761pt too wide) in paragraph at lines 154--154
[]\TU/lmr/m/n/10 1.882462| 
 []


Overfull \hbox (1.48761pt too wide) in paragraph at lines 154--154
[]\TU/lmr/m/n/10 2.8840| 
 []


Overfull \hbox (11.48761pt too wide) in paragraph at lines 154--154
[]\TU/lmr/m/n/10 3.554883| 
 []


Overfull \hbox (11.48761pt too wide) in paragraph at lines 154--154
[]\TU/lmr/m/n/10 4.404883| 
 []


Overfull \hbox (33.70761pt too wide) in paragraph at lines 154--155
[]\TU/lmr/m/n/10 8.728825e+01| 
 []

[3]
Overfull \hbox (70.65106pt too wide) in paragraph at lines 172--172
[]\TU/lmr/m/n/10 2hETkH7cOfqmz3LqZDHZf5| 
 []


Overfull \hbox (1.06105pt too wide) in paragraph at lines 176--176
[]\TU/lmr/m/n/10 album_name| 
 []


Underfull \hbox (badness 10000) in paragraph at lines 176--176
[]\TU/lmr/m/n/10 The Com-
 []


Underfull \hbox (badness 10000) in paragraph at lines 176--176
\TU/lmr/m/n/10 plete Hank
 []


Underfull \hbox (badness 10000) in paragraph at lines 178--178
[]\TU/lmr/m/n/10 Rockin’
 []


Underfull \hbox (badness 10000) in paragraph at lines 178--178
\TU/lmr/m/n/10 Christmas
 []

[4]
Overfull \hbox (27.75pt too wide) in paragraph at lines 242--242
[]\TU/lmtt/m/n/10 plt.savefig('figures/popularity_distribution.png', bbox_inche
s='tight')[] 
 []

File: files/50da83cbf3514b3a8222d9a13506e32d.png Graphic file (type bmp)
<files/50da83cbf3514b3a8222d9a13506e32d.png>

Overfull \hbox (1.5pt too wide) in paragraph at lines 265--265
[]\TU/lmtt/m/n/10 plt.savefig('figures/dance_distribution.png', bbox_inches='ti
ght')[] 
 []

File: files/345172b5089d1bff391b6d76f97e4e8f.png Graphic file (type bmp)
<files/345172b5089d1bff391b6d76f97e4e8f.png>
[5]
Overfull \hbox (6.75pt too wide) in paragraph at lines 278--278
[]\TU/lmtt/m/n/10 plt.savefig('figures/energy_distribution.png', bbox_inches='t
ight')[] 
 []

File: files/6e895c6286502e81c28d45c00db6c440.png Graphic file (type bmp)
<files/6e895c6286502e81c28d45c00db6c440.png>

Overfull \hbox (17.25pt too wide) in paragraph at lines 289--289
[]\TU/lmtt/m/n/10 plt.savefig('figures/acoustic_distribution.png', bbox_inches=
'tight')[] 
 []

File: files/8424df175eff39ff949b66ef21ff2527.png Graphic file (type bmp)
<files/8424df175eff39ff949b66ef21ff2527.png>
[6]
./eda.tex:293: Missing $ inserted.
<inserted text> 
                $
l.293 Acousticness is heavily skewed \rightarrow
                                                 most songs are NOT acoustic.
I've inserted a begin-math/end-math symbol since I think
you left one out. Proceed, with fingers crossed.

./eda.tex:294: Missing $ inserted.
<inserted text> 
                $
l.294 
      
I've inserted a begin-math/end-math symbol since I think
you left one out. Proceed, with fingers crossed.


Overfull \hbox (12.0pt too wide) in paragraph at lines 302--302
[]\TU/lmtt/m/n/10 plt.savefig('figures/valence_distribution.png', bbox_inches='
tight')[] 
 []

File: files/64001e66956dac5d5338c30be2be57f1.png Graphic file (type bmp)
<files/64001e66956dac5d5338c30be2be57f1.png>

Overfull \hbox (17.25pt too wide) in paragraph at lines 315--315
[]\TU/lmtt/m/n/10 plt.savefig('figures/loudness_distribution.png', bbox_inches=
'tight')[] 
 []

File: files/b090aea98bffc8a6abc00a6d80b536b3.png Graphic file (type bmp)
<files/b090aea98bffc8a6abc00a6d80b536b3.png>
[7]
Overfull \hbox (6.75pt too wide) in paragraph at lines 328--328
[]\TU/lmtt/m/n/10 plt.savefig('figures/speech_distribution.png', bbox_inches='t
ight')[] 
 []

File: files/e3ada5f4d4fcf92e6f234c905ec97e63.png Graphic file (type bmp)
<files/e3ada5f4d4fcf92e6f234c905ec97e63.png>
./eda.tex:332: Missing $ inserted.
<inserted text> 
                $
l.332 ...gs have mostly low speechiness\rightarrow
                                                   not spoken word.
I've inserted a begin-math/end-math symbol since I think
you left one out. Proceed, with fingers crossed.

./eda.tex:333: Missing $ inserted.
<inserted text> 
                $
l.333 
      
I've inserted a begin-math/end-math symbol since I think
you left one out. Proceed, with fingers crossed.


Overfull \hbox (1.5pt too wide) in paragraph at lines 341--341
[]\TU/lmtt/m/n/10 plt.savefig('figures/tempo_distribution.png', bbox_inches='ti
ght')[] 
 []

File: files/6e490ae0e5bda73a84fea51caeb23869.png Graphic file (type bmp)
<files/6e490ae0e5bda73a84fea51caeb23869.png>
[8]
./eda.tex:361: Missing $ inserted.
<inserted text> 
                $
l.361 ... highest negative correlation \rightarrow
                                                   instrumental songs tend t...
I've inserted a begin-math/end-math symbol since I think
you left one out. Proceed, with fingers crossed.


./eda.tex:362: LaTeX Error: Command \item invalid in math mode.

See the LaTeX manual or LaTeX Companion for explanation.
Type  H <return>  for immediate help.
 ...                                              
                                                  
l.362 \item
            Popularity is likely influenced by external factors (artists, ma...

Try typing  <return>  to proceed.
If that doesn't work, type  X <return>  to quit.


./eda.tex:362: LaTeX Error: Something's wrong--perhaps a missing \item.

See the LaTeX manual or LaTeX Companion for explanation.
Type  H <return>  for immediate help.
 ...                                              
                                                  
l.362 \item P
             opularity is likely influenced by external factors (artists, ma...

Try typing  <return>  to proceed.
If that doesn't work, type  X <return>  to quit.


./eda.tex:362: LaTeX Error: Something's wrong--perhaps a missing \item.

See the LaTeX manual or LaTeX Companion for explanation.
Type  H <return>  for immediate help.
 ...                                              
                                                  
l.362 \item P
             opularity is likely influenced by external factors (artists, ma...

Try typing  <return>  to proceed.
If that doesn't work, type  X <return>  to quit.


./eda.tex:363: LaTeX Error: Command \end{itemize} invalid in math mode.

See the LaTeX manual or LaTeX Companion for explanation.
Type  H <return>  for immediate help.
 ...                                              
                                                  
l.363 \end{itemize}
                   
Try typing  <return>  to proceed.
If that doesn't work, type  X <return>  to quit.


./eda.tex:363: LaTeX Error: Something's wrong--perhaps a missing \item.

See the LaTeX manual or LaTeX Companion for explanation.
Type  H <return>  for immediate help.
 ...                                              
                                                  
l.363 \end{itemize}
                   
Try typing  <return>  to proceed.
If that doesn't work, type  X <return>  to quit.


./eda.tex:363: LaTeX Error: Something's wrong--perhaps a missing \item.

See the LaTeX manual or LaTeX Companion for explanation.
Type  H <return>  for immediate help.
 ...                                              
                                                  
l.363 \end{itemize}
                   
Try typing  <return>  to proceed.
If that doesn't work, type  X <return>  to quit.

./eda.tex:363: Missing $ inserted.
<inserted text> 
                $
l.363 \end{itemize}
                   
I've inserted something that you may have forgotten.
(See the <inserted text> above.)
With luck, this will get me unwedged. But if you
really didn't forget anything, try typing `2' now; then
my insertion and my current dilemma will both disappear.


Overfull \hbox (476.23277pt too wide) in paragraph at lines 361--364
[]\TU/lmr/m/n/10 Instrumentalness has the highest negative correlation $\OMS/cm
sy/m/n/10 ! \OML/cmm/m/it/10 instrumentalsongstendtobelesspopularPopularityisli
kelyinfluencedbyexternalfactors\OT1/cmr/m/n/10 (\OML/cmm/m/it/10 artists; marke
ting; playlistplacement; etc:\OT1/cmr/m/n/10 )$ 
 []

[9] (./eda.aux)
Package rerunfilecheck Info: File `eda.out' has not changed.
(rerunfilecheck)             Checksum: FC7ABE30424E12E0E84203A36EE0A242;1327.
 ) 
Here is how much of TeX's memory you used:
 9836 strings out of 478151
 158045 string characters out of 5852999
 486175 words of memory out of 5000000
 30309 multiletter control sequences out of 15000+600000
 472419 words of font info for 46 fonts, out of 8000000 for 9000
 14 hyphenation exceptions out of 8191
 70i,8n,76p,1006b,470s stack positions out of 5000i,500n,10000p,200000b,80000s

Output written on eda.xdv (9 pages, 90748 bytes).
