This is XeTeX, Version 3.141592653-2.6-0.999993 (TeX Live 2022/dev/Debian) (preloaded format=xelatex 2025.12.10)  18 DEC 2025 04:17
entering extended mode
 \write18 enabled.
 file:line:error style messages enabled.
 %&-line parsing enabled.
**main.tex
(./main.tex
LaTeX2e <2021-11-15> patch level 1
L3 programming layer <2022-01-21> (/usr/share/texlive/texmf-dist/tex/latex/base
/article.cls
Document Class: article 2021/10/04 v1.4n Standard LaTeX document class
(/usr/share/texlive/texmf-dist/tex/latex/base/size10.clo
File: size10.clo 2021/10/04 v1.4n Standard LaTeX file (size option)
)
\c@part=\count181
\c@section=\count182
\c@subsection=\count183
\c@subsubsection=\count184
\c@paragraph=\count185
\c@subparagraph=\count186
\c@figure=\count187
\c@table=\count188
\abovecaptionskip=\skip47
\belowcaptionskip=\skip48
\bibindent=\dimen138
) (/usr/share/texlive/texmf-dist/tex/latex/hyperref/hyperref.sty
Package: hyperref 2021-06-07 v7.00m Hypertext links for LaTeX
(/usr/share/texlive/texmf-dist/tex/generic/ltxcmds/ltxcmds.sty
Package: ltxcmds 2020-05-10 v1.25 LaTeX kernel commands for general use (HO)
) (/usr/share/texlive/texmf-dist/tex/generic/iftex/iftex.sty
Package: iftex 2020/03/06 v1.0d TeX engine tests
) (/usr/share/texlive/texmf-dist/tex/generic/pdftexcmds/pdftexcmds.sty
Package: pdftexcmds 2020-06-27 v0.33 Utility functions of pdfTeX for LuaTeX (HO
)
(/usr/share/texlive/texmf-dist/tex/generic/infwarerr/infwarerr.sty
Package: infwarerr 2019/12/03 v1.5 Providing info/warning/error messages (HO)
)
Package pdftexcmds Info: \pdf@primitive is available.
Package pdftexcmds Info: \pdf@ifprimitive is available.
Package pdftexcmds Info: \pdfdraftmode not found.
) (/usr/share/texlive/texmf-dist/tex/latex/graphics/keyval.sty
Package: keyval 2014/10/28 v1.15 key=value parser (DPC)
\KV@toks@=\toks16
) (/usr/share/texlive/texmf-dist/tex/generic/kvsetkeys/kvsetkeys.sty
Package: kvsetkeys 2019/12/15 v1.18 Key value parser (HO)
) (/usr/share/texlive/texmf-dist/tex/generic/kvdefinekeys/kvdefinekeys.sty
Package: kvdefinekeys 2019-12-19 v1.6 Define keys (HO)
) (/usr/share/texlive/texmf-dist/tex/generic/pdfescape/pdfescape.sty
Package: pdfescape 2019/12/09 v1.15 Implements pdfTeX's escape features (HO)
) (/usr/share/texlive/texmf-dist/tex/latex/hycolor/hycolor.sty
Package: hycolor 2020-01-27 v1.10 Color options for hyperref/bookmark (HO)
) (/usr/share/texlive/texmf-dist/tex/latex/letltxmacro/letltxmacro.sty
Package: letltxmacro 2019/12/03 v1.6 Let assignment for LaTeX macros (HO)
) (/usr/share/texlive/texmf-dist/tex/latex/auxhook/auxhook.sty
Package: auxhook 2019-12-17 v1.6 Hooks for auxiliary files (HO)
) (/usr/share/texlive/texmf-dist/tex/latex/kvoptions/kvoptions.sty
Package: kvoptions 2020-10-07 v3.14 Key value format for package options (HO)
)
\@linkdim=\dimen139
\Hy@linkcounter=\count189
\Hy@pagecounter=\count190
(/usr/share/texlive/texmf-dist/tex/latex/hyperref/pd1enc.def
File: pd1enc.def 2021-06-07 v7.00m Hyperref: PDFDocEncoding definition (HO)
) (/usr/share/texlive/texmf-dist/tex/latex/hyperref/hyperref-langpatches.def
File: hyperref-langpatches.def 2021-06-07 v7.00m Hyperref: patches for babel la
nguages
) (/usr/share/texlive/texmf-dist/tex/generic/intcalc/intcalc.sty
Package: intcalc 2019/12/15 v1.3 Expandable calculations with integers (HO)
) (/usr/share/texlive/texmf-dist/tex/generic/etexcmds/etexcmds.sty
Package: etexcmds 2019/12/15 v1.7 Avoid name clashes with e-TeX commands (HO)
)
\Hy@SavedSpaceFactor=\count191
(/usr/share/texlive/texmf-dist/tex/latex/hyperref/puenc.def
File: puenc.def 2021-06-07 v7.00m Hyperref: PDF Unicode definition (HO)
)
Package hyperref Info: Hyper figures OFF on input line 4192.
Package hyperref Info: Link nesting OFF on input line 4197.
Package hyperref Info: Hyper index ON on input line 4200.
Package hyperref Info: Plain pages OFF on input line 4207.
Package hyperref Info: Backreferencing OFF on input line 4212.
Package hyperref Info: Implicit mode ON; LaTeX internals redefined.
Package hyperref Info: Bookmarks ON on input line 4445.
\c@Hy@tempcnt=\count192
(/usr/share/texlive/texmf-dist/tex/latex/url/url.sty
\Urlmuskip=\muskip16
Package: url 2013/09/16  ver 3.4  Verb mode for urls, etc.
)
LaTeX Info: Redefining \url on input line 4804.
\XeTeXLinkMargin=\dimen140
(/usr/share/texlive/texmf-dist/tex/generic/bitset/bitset.sty
Package: bitset 2019/12/09 v1.3 Handle bit-vector datatype (HO)
(/usr/share/texlive/texmf-dist/tex/generic/bigintcalc/bigintcalc.sty
Package: bigintcalc 2019/12/15 v1.5 Expandable calculations on big integers (HO
)
))
\Fld@menulength=\count193
\Field@Width=\dimen141
\Fld@charsize=\dimen142
Package hyperref Info: Hyper figures OFF on input line 6076.
Package hyperref Info: Link nesting OFF on input line 6081.
Package hyperref Info: Hyper index ON on input line 6084.
Package hyperref Info: backreferencing OFF on input line 6091.
Package hyperref Info: Link coloring OFF on input line 6096.
Package hyperref Info: Link coloring with OCG OFF on input line 6101.
Package hyperref Info: PDF/A mode OFF on input line 6106.
LaTeX Info: Redefining \ref on input line 6146.
LaTeX Info: Redefining \pageref on input line 6150.
(/usr/share/texlive/texmf-dist/tex/latex/base/atbegshi-ltx.sty
Package: atbegshi-ltx 2021/01/10 v1.0c Emulation of the original atbegshi
package with kernel methods
)
\Hy@abspage=\count194
\c@Item=\count195
\c@Hfootnote=\count196
)
Package hyperref Info: Driver (autodetected): hxetex.
(/usr/share/texlive/texmf-dist/tex/latex/hyperref/hxetex.def
File: hxetex.def 2021-06-07 v7.00m Hyperref driver for XeTeX
(/usr/share/texlive/texmf-dist/tex/generic/stringenc/stringenc.sty
Package: stringenc 2019/11/29 v1.12 Convert strings between diff. encodings (HO
)
)
\pdfm@box=\box50
\c@Hy@AnnotLevel=\count197
\HyField@AnnotCount=\count198
\Fld@listcount=\count199
\c@bookmark@seq@number=\count266
(/usr/share/texlive/texmf-dist/tex/latex/rerunfilecheck/rerunfilecheck.sty
Package: rerunfilecheck 2019/12/05 v1.9 Rerun checks for auxiliary files (HO)
(/usr/share/texlive/texmf-dist/tex/latex/base/atveryend-ltx.sty
Package: atveryend-ltx 2020/08/19 v1.0a Emulation of the original atveryend pac
kage
with kernel methods
) (/usr/share/texlive/texmf-dist/tex/generic/uniquecounter/uniquecounter.sty
Package: uniquecounter 2019/12/15 v1.4 Provide unlimited unique counter (HO)
)
Package uniquecounter Info: New unique counter `rerunfilecheck' on input line 2
86.
)
\Hy@SectionHShift=\skip49
) (/usr/share/texlive/texmf-dist/tex/latex/datetime/datetime.sty
Package: datetime 2015/03/20 v2.60 Date Time Package
(/usr/share/texlive/texmf-dist/tex/latex/etoolbox/etoolbox.sty
Package: etoolbox 2020/10/05 v2.5k e-TeX tools for LaTeX (JAW)
\etb@tempcnta=\count267
) (/usr/share/texlive/texmf-dist/tex/latex/fmtcount/fmtcount.sty
Invalid UTF-8 byte or sequence at line 10 replaced by U+FFFD.
Invalid UTF-8 byte or sequence at line 22 replaced by U+FFFD.
Package: fmtcount 2020/01/30 v3.07
(/usr/share/texlive/texmf-dist/tex/latex/base/ifthen.sty
Package: ifthen 2020/11/24 v1.1c Standard LaTeX ifthen package (DPC)
) (/usr/share/texlive/texmf-dist/tex/latex/xkeyval/xkeyval.sty
Package: xkeyval 2020/11/20 v2.8 package option processing (HA)
(/usr/share/texlive/texmf-dist/tex/generic/xkeyval/xkeyval.tex (/usr/share/texl
ive/texmf-dist/tex/generic/xkeyval/xkvutils.tex
\XKV@toks=\toks17
\XKV@tempa@toks=\toks18
)
\XKV@depth=\count268
File: xkeyval.tex 2014/12/03 v2.7a key=value parser (HA)
)) (/usr/share/texlive/texmf-dist/tex/latex/fmtcount/fcprefix.sty
Invalid UTF-8 byte or sequence at line 10 replaced by U+FFFD.
Invalid UTF-8 byte or sequence at line 22 replaced by U+FFFD.
Package: fcprefix 2012/09/28
(/usr/share/texlive/texmf-dist/tex/latex/fmtcount/fcnumparser.sty
Invalid UTF-8 byte or sequence at line 10 replaced by U+FFFD.
Invalid UTF-8 byte or sequence at line 22 replaced by U+FFFD.
Package: fcnumparser 2017/06/15
\fc@digit@counter=\count269
)) (/usr/share/texlive/texmf-dist/tex/latex/amsmath/amsgen.sty
File: amsgen.sty 1999/11/30 v2.0 generic functions
\@emptytoks=\toks19
\ex@=\dimen143
)
\c@padzeroesN=\count270
\fc@tmpcatcode=\count271
\@DT@modctr=\count272
\@ordinalctr=\count273
\@orgargctr=\count274
\@strctr=\count275
\@tmpstrctr=\count276
\@DT@loopN=\count277
\@DT@X=\count278
) (/usr/share/texlive/texmf-dist/tex/latex/datetime/datetime-defaults.sty
Package: datetime-defaults 2013/09/10
)
\@day=\count279
\@month=\count280
\@year=\count281
\c@HOUR=\count282
\c@HOURXII=\count283
\c@MINUTE=\count284
\c@TOHOUR=\count285
\c@TOMINUTE=\count286
\c@SECOND=\count287
\currenthour=\count288
\currentminute=\count289
\currentsecond=\count290
Package datetime Info: No datetime.cfg file found, using default settings on in
put line 308.
\@dtctr=\count291
\dayofyear=\count292
\dayofweek=\count293
LaTeX Info: Redefining \today on input line 736.
\dt@a=\toks20
\dt@b=\toks21
) (/usr/share/texlive/texmf-dist/tex/latex/graphics/graphicx.sty
Package: graphicx 2021/09/16 v1.2d Enhanced LaTeX Graphics (DPC,SPQR)
(/usr/share/texlive/texmf-dist/tex/latex/graphics/graphics.sty
Package: graphics 2021/03/04 v1.4d Standard LaTeX Graphics (DPC,SPQR)
(/usr/share/texlive/texmf-dist/tex/latex/graphics/trig.sty
Package: trig 2021/08/11 v1.11 sin cos tan (DPC)
) (/usr/share/texlive/texmf-dist/tex/latex/graphics-cfg/graphics.cfg
File: graphics.cfg 2016/06/04 v1.11 sample graphics configuration
)
Package graphics Info: Driver file: xetex.def on input line 107.
(/usr/share/texlive/texmf-dist/tex/latex/graphics-def/xetex.def
File: xetex.def 2021/03/18 v5.0k Graphics/color driver for xetex
))
\Gin@req@height=\dimen144
\Gin@req@width=\dimen145
) (/usr/share/texlive/texmf-dist/tex/latex/natbib/natbib.sty
Package: natbib 2010/09/13 8.31b (PWD, AO)
\bibhang=\skip50
\bibsep=\skip51
LaTeX Info: Redefining \cite on input line 694.
\c@NAT@ctr=\count294
) (/usr/share/texlive/texmf-dist/tex/latex/booktabs/booktabs.sty
Package: booktabs 2020/01/12 v1.61803398 Publication quality tables
\heavyrulewidth=\dimen146
\lightrulewidth=\dimen147
\cmidrulewidth=\dimen148
\belowrulesep=\dimen149
\belowbottomsep=\dimen150
\aboverulesep=\dimen151
\abovetopsep=\dimen152
\cmidrulesep=\dimen153
\cmidrulekern=\dimen154
\defaultaddspace=\dimen155
\@cmidla=\count295
\@cmidlb=\count296
\@aboverulesep=\dimen156
\@belowrulesep=\dimen157
\@thisruleclass=\count297
\@lastruleclass=\count298
\@thisrulewidth=\dimen158
)
Package hyperref Info: Option `colorlinks' set `true' on input line 16.
(/usr/share/texlive/texmf-dist/tex/latex/l3backend/l3backend-xetex.def
File: l3backend-xetex.def 2022-01-12 L3 backend support: XeTeX
(|extractbb --version)
\c__kernel_sys_dvipdfmx_version_int=\count299
\l__color_backend_stack_int=\count300
\g__color_backend_stack_int=\count301
\g__graphics_track_int=\count302
\l__pdf_internal_box=\box51
\g__pdf_backend_object_int=\count303
\g__pdf_backend_annotation_int=\count304
\g__pdf_backend_link_int=\count305
) (./main.aux)
\openout1 = `main.aux'.

LaTeX Font Info:    Checking defaults for OML/cmm/m/it on input line 29.
LaTeX Font Info:    ... okay on input line 29.
LaTeX Font Info:    Checking defaults for OMS/cmsy/m/n on input line 29.
LaTeX Font Info:    ... okay on input line 29.
LaTeX Font Info:    Checking defaults for OT1/cmr/m/n on input line 29.
LaTeX Font Info:    ... okay on input line 29.
LaTeX Font Info:    Checking defaults for T1/cmr/m/n on input line 29.
LaTeX Font Info:    ... okay on input line 29.
LaTeX Font Info:    Checking defaults for TS1/cmr/m/n on input line 29.
LaTeX Font Info:    Trying to load font information for TS1+cmr on input line 2
9.
(/usr/share/texlive/texmf-dist/tex/latex/base/ts1cmr.fd
File: ts1cmr.fd 2019/12/16 v2.5j Standard LaTeX font definitions
)
LaTeX Font Info:    ... okay on input line 29.
LaTeX Font Info:    Checking defaults for TU/lmr/m/n on input line 29.
LaTeX Font Info:    ... okay on input line 29.
LaTeX Font Info:    Checking defaults for OMX/cmex/m/n on input line 29.
LaTeX Font Info:    ... okay on input line 29.
LaTeX Font Info:    Checking defaults for U/cmr/m/n on input line 29.
LaTeX Font Info:    ... okay on input line 29.
LaTeX Font Info:    Checking defaults for PD1/pdf/m/n on input line 29.
LaTeX Font Info:    ... okay on input line 29.
LaTeX Font Info:    Checking defaults for PU/pdf/m/n on input line 29.
LaTeX Font Info:    ... okay on input line 29.
(/usr/share/texlive/texmf-dist/tex/latex/graphics/color.sty
Package: color 2021/12/07 v1.3c Standard LaTeX Color (DPC)
(/usr/share/texlive/texmf-dist/tex/latex/graphics-cfg/color.cfg
File: color.cfg 2016/01/02 v1.6 sample color configuration
)
Package color Info: Driver file: xetex.def on input line 149.
)
Package hyperref Info: Link coloring ON on input line 29.
(/usr/share/texlive/texmf-dist/tex/latex/hyperref/nameref.sty
Package: nameref 2021-04-02 v2.47 Cross-referencing by name of section
(/usr/share/texlive/texmf-dist/tex/latex/refcount/refcount.sty
Package: refcount 2019/12/15 v3.6 Data extraction from label references (HO)
) (/usr/share/texlive/texmf-dist/tex/generic/gettitlestring/gettitlestring.sty
Package: gettitlestring 2019/12/15 v1.6 Cleanup title references (HO)
)
\c@section@level=\count306
)
LaTeX Info: Redefining \ref on input line 29.
LaTeX Info: Redefining \pageref on input line 29.
LaTeX Info: Redefining \nameref on input line 29.
(./main.out) (./main.out)
\@outlinefile=\write3
\openout3 = `main.out'.

(/usr/share/texlive/texmf-dist/tex/latex/fmtcount/fc-english.def
Invalid UTF-8 byte or sequence at line 10 replaced by U+FFFD.
Invalid UTF-8 byte or sequence at line 22 replaced by U+FFFD.
File: fc-english.def 2016/01/12
)
LaTeX Font Info:    External font `cmex10' loaded for size
(Font)              <12> on input line 31.
LaTeX Font Info:    External font `cmex10' loaded for size
(Font)              <8> on input line 31.
LaTeX Font Info:    External font `cmex10' loaded for size
(Font)              <6> on input line 31.
File: curvenote.png Graphic file (type bmp)
<curvenote.png>

Overfull \hbox (17.83702pt too wide) in paragraph at lines 42--44
\TU/lmr/m/n/10 We focus on an interpretable baseline: multiple linear regressio
n, with Ridge/LASSO
 []

[1

] [2]
Overfull \hbox (180.0pt too wide) in paragraph at lines 104--104
[]    \TU/lmtt/m/n/10 popularity_summary = popularity_summary.rename(columns={"
Unnamed: 0": "stat"}).set_index("stat")[] 
 []


Overfull \hbox (96.0pt too wide) in paragraph at lines 104--104
[]    \TU/lmtt/m/n/10 popularity_summary = popularity_summary.set_index(popular
ity_summary.columns[0])[] 
 []


Overfull \hbox (185.25pt too wide) in paragraph at lines 104--104
[]\TU/lmtt/m/n/10 popularity_summary = popularity_summary.loc[:, ~popularity_su
mmary.columns.str.startswith("Unnamed")][] 
 []


Overfull \hbox (90.75pt too wide) in paragraph at lines 104--104
[]    \TU/lmtt/m/n/10 popularity_summary = popularity_summary.rename(columns={"
popularity": "value"})[] 
 []

LaTeX Font Info:    External font `cmex10' loaded for size
(Font)              <7> on input line 107.
LaTeX Font Info:    External font `cmex10' loaded for size
(Font)              <5> on input line 107.

Overfull \hbox (684.0pt too wide) in paragraph at lines 138--138
[]\TU/lmtt/m/n/10 show_fig("popularity_distribution.png", "Distribution of Spot
ify popularity. The distribution is wide, with substantial mass at low populari
ty and a long right tail toward highly popular tracks.")[] 
 []

File: files/50da83cbf3514b3a8222d9a13506e32d.png Graphic file (type bmp)
<files/50da83cbf3514b3a8222d9a13506e32d.png>

Overfull \hbox (369.0pt too wide) in paragraph at lines 158--158
[]\TU/lmtt/m/n/10 show_fig("dance_distribution.png", "Danceability is approxima
tely unimodal, with many tracks concentrated around mid -to -high values.")[] 
 []

[3]
Overfull \hbox (285.0pt too wide) in paragraph at lines 158--158
[]\TU/lmtt/m/n/10 show_fig("energy_distribution.png", "Energy skews high: many 
tracks in the cleaned sample have relatively high energy.")[] 
 []


Overfull \hbox (458.25pt too wide) in paragraph at lines 158--158
[]\TU/lmtt/m/n/10 show_fig("loudness_distribution.png", "Loudness (dB) is conce
ntrated around a typical modern loudness range with a long left tail to very qu
iet tracks.")[] 
 []


Overfull \hbox (500.25pt too wide) in paragraph at lines 158--158
[]\TU/lmtt/m/n/10 show_fig("acoustic_distribution.png", "Acousticness shows str
ong concentration near 0 (non -acoustic tracks), with a secondary mass toward h
igher acousticness.")[] 
 []


Overfull \hbox (432.0pt too wide) in paragraph at lines 158--158
[]\TU/lmtt/m/n/10 show_fig("speech_distribution.png", "Speechiness is strongly 
right -skewed, with most tracks near 0 and a small fraction with high speech co
ntent.")[] 
 []


Overfull \hbox (479.25pt too wide) in paragraph at lines 158--158
[]\TU/lmtt/m/n/10 show_fig("tempo_distribution.png", "Tempo is multi -modal, wi
th common tempos around typical pop/rock ranges and additional smaller modes at
 higher tempos.")[] 
 []


Overfull \hbox (195.75pt too wide) in paragraph at lines 158--158
[]\TU/lmtt/m/n/10 show_fig("valence_distribution.png", "Valence (musical positi
vity) is broadly distributed across the 0–
 []

File: files/345172b5089d1bff391b6d76f97e4e8f.png Graphic file (type bmp)
<files/345172b5089d1bff391b6d76f97e4e8f.png>
File: files/6e895c6286502e81c28d45c00db6c440.png Graphic file (type bmp)
<files/6e895c6286502e81c28d45c00db6c440.png>
File: files/b090aea98bffc8a6abc00a6d80b536b3.png Graphic file (type bmp)
<files/b090aea98bffc8a6abc00a6d80b536b3.png>
[4]
File: files/8424df175eff39ff949b66ef21ff2527.png Graphic file (type bmp)
<files/8424df175eff39ff949b66ef21ff2527.png>
File: files/e3ada5f4d4fcf92e6f234c905ec97e63.png Graphic file (type bmp)
<files/e3ada5f4d4fcf92e6f234c905ec97e63.png>
File: files/6e490ae0e5bda73a84fea51caeb23869.png Graphic file (type bmp)
<files/6e490ae0e5bda73a84fea51caeb23869.png>
File: files/64001e66956dac5d5338c30be2be57f1.png Graphic file (type bmp)
<files/64001e66956dac5d5338c30be2be57f1.png>
[5]
Overfull \hbox (33.0pt too wide) in paragraph at lines 210--210
[]\TU/lmtt/m/n/10 corr = pd.read_csv(RES_DIR / "full_correlation_matrix.csv", i
ndex_col=0)[] 
 []


Overfull \hbox (7.99315pt too wide) in paragraph at lines 215--215
[]\TU/lmr/m/n/10 popularity| 
 []


Overfull \hbox (19.70316pt too wide) in paragraph at lines 215--215
[]\TU/lmr/m/n/10 duration_ms| 
 []


Overfull \hbox (15.45316pt too wide) in paragraph at lines 215--215
[]\TU/lmr/m/n/10 danceability| 
 []


Overfull \hbox (7.99315pt too wide) in paragraph at lines 217--217
[]\TU/lmr/m/n/10 popularity| 
 []


Underfull \hbox (badness 10000) in paragraph at lines 217--217
[]\TU/lmr/m/n/10 -
 []


Overfull \hbox (19.70316pt too wide) in paragraph at lines 219--219
[]\TU/lmr/m/n/10 duration_ms| 
 []


Underfull \hbox (badness 10000) in paragraph at lines 219--219
[]\TU/lmr/m/n/10 -
 []


Underfull \hbox (badness 10000) in paragraph at lines 219--219
[]\TU/lmr/m/n/10 -
 []


Overfull \hbox (15.45316pt too wide) in paragraph at lines 223--223
[]\TU/lmr/m/n/10 danceability| 
 []


Underfull \hbox (badness 10000) in paragraph at lines 223--223
[]\TU/lmr/m/n/10 -
 []


Overfull \hbox (0.35797pt too wide) in paragraph at lines 212--231
[] 
 []


Overfull \hbox (274.5pt too wide) in paragraph at lines 254--254
[]\TU/lmtt/m/n/10 pop_corr = corr["popularity"].drop(labels=["popularity"]).dro
pna().sort_values(key=lambda s: s.abs(), ascending=False)[] 
 []

[6]
Overfull \hbox (232.5pt too wide) in paragraph at lines 254--254
[]\TU/lmtt/m/n/10 top_pairs = (pd.DataFrame(sorted(pairs, reverse=True)[:10], c
olumns=["abs_r", "r", "feature_1", "feature_2"]))[] 
 []


Overfull \hbox (16.25105pt too wide) in paragraph at lines 299--300
[]\TU/lmr/m/n/10 instrumentalness| 
 []


Overfull \hbox (16.25105pt too wide) in paragraph at lines 301--301
[]\TU/lmr/m/n/10 instrumentalness| 
 []


Overfull \hbox (17.41202pt too wide) in paragraph at lines 316--316
[]\TU/lmr/bx/n/12 Strongest feature–feature correlations (by absolute value) 
 []


Overfull \hbox (10.792pt too wide) in paragraph at lines 318--319
\TU/lmr/m/n/10 Excluding the engineered duplicate (\TU/lmtt/m/n/10 duration_ms 
\TU/lmr/m/n/10 vs \TU/lmtt/m/n/10 duration_min\TU/lmr/m/n/10 ), the strongest
 []

[7]
Overfull \hbox (248.25pt too wide) in paragraph at lines 359--359
[]\TU/lmtt/m/n/10 mlr_models = mlr_models.drop(columns=[c for c in mlr_models.c
olumns if c.startswith("Unnamed")], errors="ignore")[] 
 []


Underfull \hbox (badness 10000) in paragraph at lines 366--366
[]\TU/lmr/m/n/10 Multiple
 []

[8]
Overfull \hbox (138.0pt too wide) in paragraph at lines 388--388
[]\TU/lmtt/m/n/10 vif = vif.drop(columns=[c for c in vif.columns if c.startswit
h("Unnamed")], errors="ignore")[] 
 []

[9]
Overfull \hbox (25.854pt too wide) in paragraph at lines 451--452
[]\TU/lmr/m/n/10 Incorporate nonlinear models (e.g., random forests, gradient b
oosting/XGBoost)
 []


Overfull \hbox (0.90201pt too wide) in paragraph at lines 460--461
\TU/lmr/m/n/10 energy–acousticness), but individual correlations with popularit
y are weak. 
 []

[10] [11] (./main.aux)
Package rerunfilecheck Info: File `main.out' has not changed.
(rerunfilecheck)             Checksum: 54648B93AC52AC84BC99DE38CEBD8CF7;2660.
 ) 
Here is how much of TeX's memory you used:
 9848 strings out of 478151
 158317 string characters out of 5852999
 474743 words of memory out of 5000000
 30316 multiletter control sequences out of 15000+600000
 472443 words of font info for 49 fonts, out of 8000000 for 9000
 14 hyphenation exceptions out of 8191
 70i,8n,76p,1007b,466s stack positions out of 5000i,500n,10000p,200000b,80000s

Output written on main.xdv (11 pages, 142736 bytes).
